<?xml version="1.0" encoding="UTF-8"?>
<!-- Generated by org.testng.reporters.JUnitReportReporter -->
<testsuite hostname="DESKTOP-8EK7M7O" failures="0" tests="1000" name="testNG_Flags.Flag3" time="1.141" errors="0" timestamp="2023-05-28T12:43:42 IST" skipped="0">
  <testcase classname="testNG_Flags.Flag3" name="method1" time="0.000"/>
  <system-out>
    <![CDATA[Login Test Case!!]]>
  </system-out>
  <testcase classname="testNG_Flags.Flag3" name="method1" time="0.001"/>
  <system-out>
    <![CDATA[Login Test Case!!]]>
  </system-out>
  <testcase classname="testNG_Flags.Flag3" name="method1" time="0.004"/>
  <system-out>
    <![CDATA[Login Test Case!!]]>
  </system-out>
  <testcase classname="testNG_Flags.Flag3" name="method1" time="0.001"/>
  <system-out>
    <![CDATA[Login Test Case!!]]>
  </system-out>
  <testcase classname="testNG_Flags.Flag3" name="method1" time="0.000"/>
  <system-out>
    <![CDATA[Login Test Case!!]]>
  </system-out>
  <testcase classname="testNG_Flags.Flag3" name="method1" time="0.000"/>
  <system-out>
    <![CDATA[Login Test Case!!]]>
  </system-out>
  <testcase classname="testNG_Flags.Flag3" name="method1" time="0.001"/>
  <system-out>
    <![CDATA[Login Test Case!!]]>
  </system-out>
  <testcase classname="testNG_Flags.Flag3" name="method1" time="0.001"/>
  <system-out>
    <![CDATA[Login Test Case!!]]>
  </system-out>
  <testcase classname="testNG_Flags.Flag3" name="method1" time="0.001"/>
  <system-out>
    <![CDATA[Login Test Case!!]]>
  </system-out>
  <testcase classname="testNG_Flags.Flag3" name="method1" time="0.000"/>
  <system-out>
    <![CDATA[Login Test Case!!]]>
  </system-out>
  <testcase classname="testNG_Flags.Flag3" name="method1" time="0.001"/>
  <system-out>
    <![CDATA[Login Test Case!!]]>
  </system-out>
  <testcase classname="testNG_Flags.Flag3" name="method1" time="0.002"/>
  <system-out>
    <![CDATA[Login Test Case!!]]>
  </system-out>
  <testcase classname="testNG_Flags.Flag3" name="method1" time="0.001"/>
  <system-out>
    <![CDATA[Login Test Case!!]]>
  </system-out>
  <testcase classname="testNG_Flags.Flag3" name="method1" time="0.001"/>
  <system-out>
    <![CDATA[Login Test Case!!]]>
  </system-out>
  <testcase classname="testNG_Flags.Flag3" name="method1" time="0.000"/>
  <system-out>
    <![CDATA[Login Test Case!!]]>
  </system-out>
  <testcase classname="testNG_Flags.Flag3" name="method1" time="0.001"/>
  <system-out>
    <![CDATA[Login Test Case!!]]>
  </system-out>
  <testcase classname="testNG_Flags.Flag3" name="method1" time="0.000"/>
  <system-out>
    <![CDATA[Login Test Case!!]]>
  </system-out>
  <testcase classname="testNG_Flags.Flag3" name="method1" time="0.001"/>
  <system-out>
    <![CDATA[Login Test Case!!]]>
  </system-out>
  <testcase classname="testNG_Flags.Flag3" name="method1" time="0.002"/>
  <system-out>
    <![CDATA[Login Test Case!!]]>
  </system-out>
  <testcase classname="testNG_Flags.Flag3" name="method1" time="0.000"/>
  <system-out>
    <![CDATA[Login Test Case!!]]>
  </system-out>
  <testcase classname="testNG_Flags.Flag3" name="method1" time="0.005"/>
  <system-out>
    <![CDATA[Login Test Case!!]]>
  </system-out>
  <testcase classname="testNG_Flags.Flag3" name="method1" time="0.000"/>
  <system-out>
    <![CDATA[Login Test Case!!]]>
  </system-out>
  <testcase classname="testNG_Flags.Flag3" name="method1" time="0.002"/>
  <system-out>
    <![CDATA[Login Test Case!!]]>
  </system-out>
  <testcase classname="testNG_Flags.Flag3" name="method1" time="0.000"/>
  <system-out>
    <![CDATA[Login Test Case!!]]>
  </system-out>
  <testcase classname="testNG_Flags.Flag3" name="method1" time="0.001"/>
  <system-out>
    <![CDATA[Login Test Case!!]]>
  </system-out>
  <testcase classname="testNG_Flags.Flag3" name="method1" time="0.000"/>
  <system-out>
    <![CDATA[Login Test Case!!]]>
  </system-out>
  <testcase classname="testNG_Flags.Flag3" name="method1" time="0.001"/>
  <system-out>
    <![CDATA[Login Test Case!!]]>
  </system-out>
  <testcase classname="testNG_Flags.Flag3" name="method1" time="0.001"/>
  <system-out>
    <![CDATA[Login Test Case!!]]>
  </system-out>
  <testcase classname="testNG_Flags.Flag3" name="method1" time="0.002"/>
  <system-out>
    <![CDATA[Login Test Case!!]]>
  </system-out>
  <testcase classname="testNG_Flags.Flag3" name="method1" time="0.006"/>
  <system-out>
    <![CDATA[Login Test Case!!]]>
  </system-out>
  <testcase classname="testNG_Flags.Flag3" name="method1" time="0.001"/>
  <system-out>
    <![CDATA[Login Test Case!!]]>
  </system-out>
  <testcase classname="testNG_Flags.Flag3" name="method1" time="0.001"/>
  <system-out>
    <![CDATA[Login Test Case!!]]>
  </system-out>
  <testcase classname="testNG_Flags.Flag3" name="method1" time="0.001"/>
  <system-out>
    <![CDATA[Login Test Case!!]]>
  </system-out>
  <testcase classname="testNG_Flags.Flag3" name="method1" time="0.000"/>
  <system-out>
    <![CDATA[Login Test Case!!]]>
  </system-out>
  <testcase classname="testNG_Flags.Flag3" name="method1" time="0.002"/>
  <system-out>
    <![CDATA[Login Test Case!!]]>
  </system-out>
  <testcase classname="testNG_Flags.Flag3" name="method1" time="0.000"/>
  <system-out>
    <![CDATA[Login Test Case!!]]>
  </system-out>
  <testcase classname="testNG_Flags.Flag3" name="method1" time="0.001"/>
  <system-out>
    <![CDATA[Login Test Case!!]]>
  </system-out>
  <testcase classname="testNG_Flags.Flag3" name="method1" time="0.001"/>
  <system-out>
    <![CDATA[Login Test Case!!]]>
  </system-out>
  <testcase classname="testNG_Flags.Flag3" name="method1" time="0.001"/>
  <system-out>
    <![CDATA[Login Test Case!!]]>
  </system-out>
  <testcase classname="testNG_Flags.Flag3" name="method1" time="0.002"/>
  <system-out>
    <![CDATA[Login Test Case!!]]>
  </system-out>
  <testcase classname="testNG_Flags.Flag3" name="method1" time="0.001"/>
  <system-out>
    <![CDATA[Login Test Case!!]]>
  </system-out>
  <testcase classname="testNG_Flags.Flag3" name="method1" time="0.000"/>
  <system-out>
    <![CDATA[Login Test Case!!]]>
  </system-out>
  <testcase classname="testNG_Flags.Flag3" name="method1" time="0.001"/>
  <system-out>
    <![CDATA[Login Test Case!!]]>
  </system-out>
  <testcase classname="testNG_Flags.Flag3" name="method1" time="0.001"/>
  <system-out>
    <![CDATA[Login Test Case!!]]>
  </system-out>
  <testcase classname="testNG_Flags.Flag3" name="method1" time="0.001"/>
  <system-out>
    <![CDATA[Login Test Case!!]]>
  </system-out>
  <testcase classname="testNG_Flags.Flag3" name="method1" time="0.000"/>
  <system-out>
    <![CDATA[Login Test Case!!]]>
  </system-out>
  <testcase classname="testNG_Flags.Flag3" name="method1" time="0.001"/>
  <system-out>
    <![CDATA[Login Test Case!!]]>
  </system-out>
  <testcase classname="testNG_Flags.Flag3" name="method1" time="0.001"/>
  <system-out>
    <![CDATA[Login Test Case!!]]>
  </system-out>
  <testcase classname="testNG_Flags.Flag3" name="method1" time="0.000"/>
  <system-out>
    <![CDATA[Login Test Case!!]]>
  </system-out>
  <testcase classname="testNG_Flags.Flag3" name="method1" time="0.000"/>
  <system-out>
    <![CDATA[Login Test Case!!]]>
  </system-out>
  <testcase classname="testNG_Flags.Flag3" name="method1" time="0.001"/>
  <system-out>
    <![CDATA[Login Test Case!!]]>
  </system-out>
  <testcase classname="testNG_Flags.Flag3" name="method1" time="0.001"/>
  <system-out>
    <![CDATA[Login Test Case!!]]>
  </system-out>
  <testcase classname="testNG_Flags.Flag3" name="method1" time="0.001"/>
  <system-out>
    <![CDATA[Login Test Case!!]]>
  </system-out>
  <testcase classname="testNG_Flags.Flag3" name="method1" time="0.000"/>
  <system-out>
    <![CDATA[Login Test Case!!]]>
  </system-out>
  <testcase classname="testNG_Flags.Flag3" name="method1" time="0.001"/>
  <system-out>
    <![CDATA[Login Test Case!!]]>
  </system-out>
  <testcase classname="testNG_Flags.Flag3" name="method1" time="0.001"/>
  <system-out>
    <![CDATA[Login Test Case!!]]>
  </system-out>
  <testcase classname="testNG_Flags.Flag3" name="method1" time="0.002"/>
  <system-out>
    <![CDATA[Login Test Case!!]]>
  </system-out>
  <testcase classname="testNG_Flags.Flag3" name="method1" time="0.000"/>
  <system-out>
    <![CDATA[Login Test Case!!]]>
  </system-out>
  <testcase classname="testNG_Flags.Flag3" name="method1" time="0.006"/>
  <system-out>
    <![CDATA[Login Test Case!!]]>
  </system-out>
  <testcase classname="testNG_Flags.Flag3" name="method1" time="0.001"/>
  <system-out>
    <![CDATA[Login Test Case!!]]>
  </system-out>
  <testcase classname="testNG_Flags.Flag3" name="method1" time="0.001"/>
  <system-out>
    <![CDATA[Login Test Case!!]]>
  </system-out>
  <testcase classname="testNG_Flags.Flag3" name="method1" time="0.001"/>
  <system-out>
    <![CDATA[Login Test Case!!]]>
  </system-out>
  <testcase classname="testNG_Flags.Flag3" name="method1" time="0.009"/>
  <system-out>
    <![CDATA[Login Test Case!!]]>
  </system-out>
  <testcase classname="testNG_Flags.Flag3" name="method1" time="0.001"/>
  <system-out>
    <![CDATA[Login Test Case!!]]>
  </system-out>
  <testcase classname="testNG_Flags.Flag3" name="method1" time="0.000"/>
  <system-out>
    <![CDATA[Login Test Case!!]]>
  </system-out>
  <testcase classname="testNG_Flags.Flag3" name="method1" time="0.001"/>
  <system-out>
    <![CDATA[Login Test Case!!]]>
  </system-out>
  <testcase classname="testNG_Flags.Flag3" name="method1" time="0.000"/>
  <system-out>
    <![CDATA[Login Test Case!!]]>
  </system-out>
  <testcase classname="testNG_Flags.Flag3" name="method1" time="0.001"/>
  <system-out>
    <![CDATA[Login Test Case!!]]>
  </system-out>
  <testcase classname="testNG_Flags.Flag3" name="method1" time="0.001"/>
  <system-out>
    <![CDATA[Login Test Case!!]]>
  </system-out>
  <testcase classname="testNG_Flags.Flag3" name="method1" time="0.001"/>
  <system-out>
    <![CDATA[Login Test Case!!]]>
  </system-out>
  <testcase classname="testNG_Flags.Flag3" name="method1" time="0.001"/>
  <system-out>
    <![CDATA[Login Test Case!!]]>
  </system-out>
  <testcase classname="testNG_Flags.Flag3" name="method1" time="0.001"/>
  <system-out>
    <![CDATA[Login Test Case!!]]>
  </system-out>
  <testcase classname="testNG_Flags.Flag3" name="method1" time="0.000"/>
  <system-out>
    <![CDATA[Login Test Case!!]]>
  </system-out>
  <testcase classname="testNG_Flags.Flag3" name="method1" time="0.005"/>
  <system-out>
    <![CDATA[Login Test Case!!]]>
  </system-out>
  <testcase classname="testNG_Flags.Flag3" name="method1" time="0.001"/>
  <system-out>
    <![CDATA[Login Test Case!!]]>
  </system-out>
  <testcase classname="testNG_Flags.Flag3" name="method1" time="0.001"/>
  <system-out>
    <![CDATA[Login Test Case!!]]>
  </system-out>
  <testcase classname="testNG_Flags.Flag3" name="method1" time="0.000"/>
  <system-out>
    <![CDATA[Login Test Case!!]]>
  </system-out>
  <testcase classname="testNG_Flags.Flag3" name="method1" time="0.000"/>
  <system-out>
    <![CDATA[Login Test Case!!]]>
  </system-out>
  <testcase classname="testNG_Flags.Flag3" name="method1" time="0.001"/>
  <system-out>
    <![CDATA[Login Test Case!!]]>
  </system-out>
  <testcase classname="testNG_Flags.Flag3" name="method1" time="0.001"/>
  <system-out>
    <![CDATA[Login Test Case!!]]>
  </system-out>
  <testcase classname="testNG_Flags.Flag3" name="method1" time="0.001"/>
  <system-out>
    <![CDATA[Login Test Case!!]]>
  </system-out>
  <testcase classname="testNG_Flags.Flag3" name="method1" time="0.001"/>
  <system-out>
    <![CDATA[Login Test Case!!]]>
  </system-out>
  <testcase classname="testNG_Flags.Flag3" name="method1" time="0.000"/>
  <system-out>
    <![CDATA[Login Test Case!!]]>
  </system-out>
  <testcase classname="testNG_Flags.Flag3" name="method1" time="0.000"/>
  <system-out>
    <![CDATA[Login Test Case!!]]>
  </system-out>
  <testcase classname="testNG_Flags.Flag3" name="method1" time="0.001"/>
  <system-out>
    <![CDATA[Login Test Case!!]]>
  </system-out>
  <testcase classname="testNG_Flags.Flag3" name="method1" time="0.000"/>
  <system-out>
    <![CDATA[Login Test Case!!]]>
  </system-out>
  <testcase classname="testNG_Flags.Flag3" name="method1" time="0.001"/>
  <system-out>
    <![CDATA[Login Test Case!!]]>
  </system-out>
  <testcase classname="testNG_Flags.Flag3" name="method1" time="0.001"/>
  <system-out>
    <![CDATA[Login Test Case!!]]>
  </system-out>
  <testcase classname="testNG_Flags.Flag3" name="method1" time="0.002"/>
  <system-out>
    <![CDATA[Login Test Case!!]]>
  </system-out>
  <testcase classname="testNG_Flags.Flag3" name="method1" time="0.000"/>
  <system-out>
    <![CDATA[Login Test Case!!]]>
  </system-out>
  <testcase classname="testNG_Flags.Flag3" name="method1" time="0.004"/>
  <system-out>
    <![CDATA[Login Test Case!!]]>
  </system-out>
  <testcase classname="testNG_Flags.Flag3" name="method1" time="0.002"/>
  <system-out>
    <![CDATA[Login Test Case!!]]>
  </system-out>
  <testcase classname="testNG_Flags.Flag3" name="method1" time="0.001"/>
  <system-out>
    <![CDATA[Login Test Case!!]]>
  </system-out>
  <testcase classname="testNG_Flags.Flag3" name="method1" time="0.001"/>
  <system-out>
    <![CDATA[Login Test Case!!]]>
  </system-out>
  <testcase classname="testNG_Flags.Flag3" name="method1" time="0.001"/>
  <system-out>
    <![CDATA[Login Test Case!!]]>
  </system-out>
  <testcase classname="testNG_Flags.Flag3" name="method1" time="0.001"/>
  <system-out>
    <![CDATA[Login Test Case!!]]>
  </system-out>
  <testcase classname="testNG_Flags.Flag3" name="method1" time="0.001"/>
  <system-out>
    <![CDATA[Login Test Case!!]]>
  </system-out>
  <testcase classname="testNG_Flags.Flag3" name="method1" time="0.001"/>
  <system-out>
    <![CDATA[Login Test Case!!]]>
  </system-out>
  <testcase classname="testNG_Flags.Flag3" name="method1" time="0.002"/>
  <system-out>
    <![CDATA[Login Test Case!!]]>
  </system-out>
  <testcase classname="testNG_Flags.Flag3" name="method1" time="0.001"/>
  <system-out>
    <![CDATA[Login Test Case!!]]>
  </system-out>
  <testcase classname="testNG_Flags.Flag3" name="method1" time="0.000"/>
  <system-out>
    <![CDATA[Login Test Case!!]]>
  </system-out>
  <testcase classname="testNG_Flags.Flag3" name="method1" time="0.002"/>
  <system-out>
    <![CDATA[Login Test Case!!]]>
  </system-out>
  <testcase classname="testNG_Flags.Flag3" name="method1" time="0.001"/>
  <system-out>
    <![CDATA[Login Test Case!!]]>
  </system-out>
  <testcase classname="testNG_Flags.Flag3" name="method1" time="0.000"/>
  <system-out>
    <![CDATA[Login Test Case!!]]>
  </system-out>
  <testcase classname="testNG_Flags.Flag3" name="method1" time="0.000"/>
  <system-out>
    <![CDATA[Login Test Case!!]]>
  </system-out>
  <testcase classname="testNG_Flags.Flag3" name="method1" time="0.000"/>
  <system-out>
    <![CDATA[Login Test Case!!]]>
  </system-out>
  <testcase classname="testNG_Flags.Flag3" name="method1" time="0.000"/>
  <system-out>
    <![CDATA[Login Test Case!!]]>
  </system-out>
  <testcase classname="testNG_Flags.Flag3" name="method1" time="0.001"/>
  <system-out>
    <![CDATA[Login Test Case!!]]>
  </system-out>
  <testcase classname="testNG_Flags.Flag3" name="method1" time="0.003"/>
  <system-out>
    <![CDATA[Login Test Case!!]]>
  </system-out>
  <testcase classname="testNG_Flags.Flag3" name="method1" time="0.001"/>
  <system-out>
    <![CDATA[Login Test Case!!]]>
  </system-out>
  <testcase classname="testNG_Flags.Flag3" name="method1" time="0.001"/>
  <system-out>
    <![CDATA[Login Test Case!!]]>
  </system-out>
  <testcase classname="testNG_Flags.Flag3" name="method1" time="0.000"/>
  <system-out>
    <![CDATA[Login Test Case!!]]>
  </system-out>
  <testcase classname="testNG_Flags.Flag3" name="method1" time="0.001"/>
  <system-out>
    <![CDATA[Login Test Case!!]]>
  </system-out>
  <testcase classname="testNG_Flags.Flag3" name="method1" time="0.001"/>
  <system-out>
    <![CDATA[Login Test Case!!]]>
  </system-out>
  <testcase classname="testNG_Flags.Flag3" name="method1" time="0.001"/>
  <system-out>
    <![CDATA[Login Test Case!!]]>
  </system-out>
  <testcase classname="testNG_Flags.Flag3" name="method1" time="0.002"/>
  <system-out>
    <![CDATA[Login Test Case!!]]>
  </system-out>
  <testcase classname="testNG_Flags.Flag3" name="method1" time="0.000"/>
  <system-out>
    <![CDATA[Login Test Case!!]]>
  </system-out>
  <testcase classname="testNG_Flags.Flag3" name="method1" time="0.001"/>
  <system-out>
    <![CDATA[Login Test Case!!]]>
  </system-out>
  <testcase classname="testNG_Flags.Flag3" name="method1" time="0.002"/>
  <system-out>
    <![CDATA[Login Test Case!!]]>
  </system-out>
  <testcase classname="testNG_Flags.Flag3" name="method1" time="0.006"/>
  <system-out>
    <![CDATA[Login Test Case!!]]>
  </system-out>
  <testcase classname="testNG_Flags.Flag3" name="method1" time="0.001"/>
  <system-out>
    <![CDATA[Login Test Case!!]]>
  </system-out>
  <testcase classname="testNG_Flags.Flag3" name="method1" time="0.000"/>
  <system-out>
    <![CDATA[Login Test Case!!]]>
  </system-out>
  <testcase classname="testNG_Flags.Flag3" name="method1" time="0.000"/>
  <system-out>
    <![CDATA[Login Test Case!!]]>
  </system-out>
  <testcase classname="testNG_Flags.Flag3" name="method1" time="0.000"/>
  <system-out>
    <![CDATA[Login Test Case!!]]>
  </system-out>
  <testcase classname="testNG_Flags.Flag3" name="method1" time="0.003"/>
  <system-out>
    <![CDATA[Login Test Case!!]]>
  </system-out>
  <testcase classname="testNG_Flags.Flag3" name="method1" time="0.001"/>
  <system-out>
    <![CDATA[Login Test Case!!]]>
  </system-out>
  <testcase classname="testNG_Flags.Flag3" name="method1" time="0.001"/>
  <system-out>
    <![CDATA[Login Test Case!!]]>
  </system-out>
  <testcase classname="testNG_Flags.Flag3" name="method1" time="0.001"/>
  <system-out>
    <![CDATA[Login Test Case!!]]>
  </system-out>
  <testcase classname="testNG_Flags.Flag3" name="method1" time="0.000"/>
  <system-out>
    <![CDATA[Login Test Case!!]]>
  </system-out>
  <testcase classname="testNG_Flags.Flag3" name="method1" time="0.000"/>
  <system-out>
    <![CDATA[Login Test Case!!]]>
  </system-out>
  <testcase classname="testNG_Flags.Flag3" name="method1" time="0.000"/>
  <system-out>
    <![CDATA[Login Test Case!!]]>
  </system-out>
  <testcase classname="testNG_Flags.Flag3" name="method1" time="0.001"/>
  <system-out>
    <![CDATA[Login Test Case!!]]>
  </system-out>
  <testcase classname="testNG_Flags.Flag3" name="method1" time="0.002"/>
  <system-out>
    <![CDATA[Login Test Case!!]]>
  </system-out>
  <testcase classname="testNG_Flags.Flag3" name="method1" time="0.000"/>
  <system-out>
    <![CDATA[Login Test Case!!]]>
  </system-out>
  <testcase classname="testNG_Flags.Flag3" name="method1" time="0.002"/>
  <system-out>
    <![CDATA[Login Test Case!!]]>
  </system-out>
  <testcase classname="testNG_Flags.Flag3" name="method1" time="0.000"/>
  <system-out>
    <![CDATA[Login Test Case!!]]>
  </system-out>
  <testcase classname="testNG_Flags.Flag3" name="method1" time="0.001"/>
  <system-out>
    <![CDATA[Login Test Case!!]]>
  </system-out>
  <testcase classname="testNG_Flags.Flag3" name="method1" time="0.002"/>
  <system-out>
    <![CDATA[Login Test Case!!]]>
  </system-out>
  <testcase classname="testNG_Flags.Flag3" name="method1" time="0.001"/>
  <system-out>
    <![CDATA[Login Test Case!!]]>
  </system-out>
  <testcase classname="testNG_Flags.Flag3" name="method1" time="0.000"/>
  <system-out>
    <![CDATA[Login Test Case!!]]>
  </system-out>
  <testcase classname="testNG_Flags.Flag3" name="method1" time="0.000"/>
  <system-out>
    <![CDATA[Login Test Case!!]]>
  </system-out>
  <testcase classname="testNG_Flags.Flag3" name="method1" time="0.001"/>
  <system-out>
    <![CDATA[Login Test Case!!]]>
  </system-out>
  <testcase classname="testNG_Flags.Flag3" name="method1" time="0.000"/>
  <system-out>
    <![CDATA[Login Test Case!!]]>
  </system-out>
  <testcase classname="testNG_Flags.Flag3" name="method1" time="0.001"/>
  <system-out>
    <![CDATA[Login Test Case!!]]>
  </system-out>
  <testcase classname="testNG_Flags.Flag3" name="method1" time="0.000"/>
  <system-out>
    <![CDATA[Login Test Case!!]]>
  </system-out>
  <testcase classname="testNG_Flags.Flag3" name="method1" time="0.002"/>
  <system-out>
    <![CDATA[Login Test Case!!]]>
  </system-out>
  <testcase classname="testNG_Flags.Flag3" name="method1" time="0.000"/>
  <system-out>
    <![CDATA[Login Test Case!!]]>
  </system-out>
  <testcase classname="testNG_Flags.Flag3" name="method1" time="0.001"/>
  <system-out>
    <![CDATA[Login Test Case!!]]>
  </system-out>
  <testcase classname="testNG_Flags.Flag3" name="method1" time="0.001"/>
  <system-out>
    <![CDATA[Login Test Case!!]]>
  </system-out>
  <testcase classname="testNG_Flags.Flag3" name="method1" time="0.001"/>
  <system-out>
    <![CDATA[Login Test Case!!]]>
  </system-out>
  <testcase classname="testNG_Flags.Flag3" name="method1" time="0.002"/>
  <system-out>
    <![CDATA[Login Test Case!!]]>
  </system-out>
  <testcase classname="testNG_Flags.Flag3" name="method1" time="0.002"/>
  <system-out>
    <![CDATA[Login Test Case!!]]>
  </system-out>
  <testcase classname="testNG_Flags.Flag3" name="method1" time="0.001"/>
  <system-out>
    <![CDATA[Login Test Case!!]]>
  </system-out>
  <testcase classname="testNG_Flags.Flag3" name="method1" time="0.001"/>
  <system-out>
    <![CDATA[Login Test Case!!]]>
  </system-out>
  <testcase classname="testNG_Flags.Flag3" name="method1" time="0.001"/>
  <system-out>
    <![CDATA[Login Test Case!!]]>
  </system-out>
  <testcase classname="testNG_Flags.Flag3" name="method1" time="0.000"/>
  <system-out>
    <![CDATA[Login Test Case!!]]>
  </system-out>
  <testcase classname="testNG_Flags.Flag3" name="method1" time="0.001"/>
  <system-out>
    <![CDATA[Login Test Case!!]]>
  </system-out>
  <testcase classname="testNG_Flags.Flag3" name="method1" time="0.001"/>
  <system-out>
    <![CDATA[Login Test Case!!]]>
  </system-out>
  <testcase classname="testNG_Flags.Flag3" name="method1" time="0.001"/>
  <system-out>
    <![CDATA[Login Test Case!!]]>
  </system-out>
  <testcase classname="testNG_Flags.Flag3" name="method1" time="0.000"/>
  <system-out>
    <![CDATA[Login Test Case!!]]>
  </system-out>
  <testcase classname="testNG_Flags.Flag3" name="method1" time="0.002"/>
  <system-out>
    <![CDATA[Login Test Case!!]]>
  </system-out>
  <testcase classname="testNG_Flags.Flag3" name="method1" time="0.001"/>
  <system-out>
    <![CDATA[Login Test Case!!]]>
  </system-out>
  <testcase classname="testNG_Flags.Flag3" name="method1" time="0.000"/>
  <system-out>
    <![CDATA[Login Test Case!!]]>
  </system-out>
  <testcase classname="testNG_Flags.Flag3" name="method1" time="0.001"/>
  <system-out>
    <![CDATA[Login Test Case!!]]>
  </system-out>
  <testcase classname="testNG_Flags.Flag3" name="method1" time="0.001"/>
  <system-out>
    <![CDATA[Login Test Case!!]]>
  </system-out>
  <testcase classname="testNG_Flags.Flag3" name="method1" time="0.000"/>
  <system-out>
    <![CDATA[Login Test Case!!]]>
  </system-out>
  <testcase classname="testNG_Flags.Flag3" name="method1" time="0.003"/>
  <system-out>
    <![CDATA[Login Test Case!!]]>
  </system-out>
  <testcase classname="testNG_Flags.Flag3" name="method1" time="0.001"/>
  <system-out>
    <![CDATA[Login Test Case!!]]>
  </system-out>
  <testcase classname="testNG_Flags.Flag3" name="method1" time="0.001"/>
  <system-out>
    <![CDATA[Login Test Case!!]]>
  </system-out>
  <testcase classname="testNG_Flags.Flag3" name="method1" time="0.001"/>
  <system-out>
    <![CDATA[Login Test Case!!]]>
  </system-out>
  <testcase classname="testNG_Flags.Flag3" name="method1" time="0.001"/>
  <system-out>
    <![CDATA[Login Test Case!!]]>
  </system-out>
  <testcase classname="testNG_Flags.Flag3" name="method1" time="0.001"/>
  <system-out>
    <![CDATA[Login Test Case!!]]>
  </system-out>
  <testcase classname="testNG_Flags.Flag3" name="method1" time="0.000"/>
  <system-out>
    <![CDATA[Login Test Case!!]]>
  </system-out>
  <testcase classname="testNG_Flags.Flag3" name="method1" time="0.000"/>
  <system-out>
    <![CDATA[Login Test Case!!]]>
  </system-out>
  <testcase classname="testNG_Flags.Flag3" name="method1" time="0.001"/>
  <system-out>
    <![CDATA[Login Test Case!!]]>
  </system-out>
  <testcase classname="testNG_Flags.Flag3" name="method1" time="0.001"/>
  <system-out>
    <![CDATA[Login Test Case!!]]>
  </system-out>
  <testcase classname="testNG_Flags.Flag3" name="method1" time="0.000"/>
  <system-out>
    <![CDATA[Login Test Case!!]]>
  </system-out>
  <testcase classname="testNG_Flags.Flag3" name="method1" time="0.001"/>
  <system-out>
    <![CDATA[Login Test Case!!]]>
  </system-out>
  <testcase classname="testNG_Flags.Flag3" name="method1" time="0.001"/>
  <system-out>
    <![CDATA[Login Test Case!!]]>
  </system-out>
  <testcase classname="testNG_Flags.Flag3" name="method1" time="0.000"/>
  <system-out>
    <![CDATA[Login Test Case!!]]>
  </system-out>
  <testcase classname="testNG_Flags.Flag3" name="method1" time="0.000"/>
  <system-out>
    <![CDATA[Login Test Case!!]]>
  </system-out>
  <testcase classname="testNG_Flags.Flag3" name="method1" time="0.000"/>
  <system-out>
    <![CDATA[Login Test Case!!]]>
  </system-out>
  <testcase classname="testNG_Flags.Flag3" name="method1" time="0.001"/>
  <system-out>
    <![CDATA[Login Test Case!!]]>
  </system-out>
  <testcase classname="testNG_Flags.Flag3" name="method1" time="0.001"/>
  <system-out>
    <![CDATA[Login Test Case!!]]>
  </system-out>
  <testcase classname="testNG_Flags.Flag3" name="method1" time="0.001"/>
  <system-out>
    <![CDATA[Login Test Case!!]]>
  </system-out>
  <testcase classname="testNG_Flags.Flag3" name="method1" time="0.001"/>
  <system-out>
    <![CDATA[Login Test Case!!]]>
  </system-out>
  <testcase classname="testNG_Flags.Flag3" name="method1" time="0.000"/>
  <system-out>
    <![CDATA[Login Test Case!!]]>
  </system-out>
  <testcase classname="testNG_Flags.Flag3" name="method1" time="0.001"/>
  <system-out>
    <![CDATA[Login Test Case!!]]>
  </system-out>
  <testcase classname="testNG_Flags.Flag3" name="method1" time="0.001"/>
  <system-out>
    <![CDATA[Login Test Case!!]]>
  </system-out>
  <testcase classname="testNG_Flags.Flag3" name="method1" time="0.001"/>
  <system-out>
    <![CDATA[Login Test Case!!]]>
  </system-out>
  <testcase classname="testNG_Flags.Flag3" name="method1" time="0.001"/>
  <system-out>
    <![CDATA[Login Test Case!!]]>
  </system-out>
  <testcase classname="testNG_Flags.Flag3" name="method1" time="0.001"/>
  <system-out>
    <![CDATA[Login Test Case!!]]>
  </system-out>
  <testcase classname="testNG_Flags.Flag3" name="method1" time="0.000"/>
  <system-out>
    <![CDATA[Login Test Case!!]]>
  </system-out>
  <testcase classname="testNG_Flags.Flag3" name="method1" time="0.000"/>
  <system-out>
    <![CDATA[Login Test Case!!]]>
  </system-out>
  <testcase classname="testNG_Flags.Flag3" name="method1" time="0.001"/>
  <system-out>
    <![CDATA[Login Test Case!!]]>
  </system-out>
  <testcase classname="testNG_Flags.Flag3" name="method1" time="0.001"/>
  <system-out>
    <![CDATA[Login Test Case!!]]>
  </system-out>
  <testcase classname="testNG_Flags.Flag3" name="method1" time="0.001"/>
  <system-out>
    <![CDATA[Login Test Case!!]]>
  </system-out>
  <testcase classname="testNG_Flags.Flag3" name="method1" time="0.000"/>
  <system-out>
    <![CDATA[Login Test Case!!]]>
  </system-out>
  <testcase classname="testNG_Flags.Flag3" name="method1" time="0.000"/>
  <system-out>
    <![CDATA[Login Test Case!!]]>
  </system-out>
  <testcase classname="testNG_Flags.Flag3" name="method1" time="0.001"/>
  <system-out>
    <![CDATA[Login Test Case!!]]>
  </system-out>
  <testcase classname="testNG_Flags.Flag3" name="method1" time="0.001"/>
  <system-out>
    <![CDATA[Login Test Case!!]]>
  </system-out>
  <testcase classname="testNG_Flags.Flag3" name="method1" time="0.001"/>
  <system-out>
    <![CDATA[Login Test Case!!]]>
  </system-out>
  <testcase classname="testNG_Flags.Flag3" name="method1" time="0.009"/>
  <system-out>
    <![CDATA[Login Test Case!!]]>
  </system-out>
  <testcase classname="testNG_Flags.Flag3" name="method1" time="0.000"/>
  <system-out>
    <![CDATA[Login Test Case!!]]>
  </system-out>
  <testcase classname="testNG_Flags.Flag3" name="method1" time="0.001"/>
  <system-out>
    <![CDATA[Login Test Case!!]]>
  </system-out>
  <testcase classname="testNG_Flags.Flag3" name="method1" time="0.001"/>
  <system-out>
    <![CDATA[Login Test Case!!]]>
  </system-out>
  <testcase classname="testNG_Flags.Flag3" name="method1" time="0.004"/>
  <system-out>
    <![CDATA[Login Test Case!!]]>
  </system-out>
  <testcase classname="testNG_Flags.Flag3" name="method1" time="0.001"/>
  <system-out>
    <![CDATA[Login Test Case!!]]>
  </system-out>
  <testcase classname="testNG_Flags.Flag3" name="method1" time="0.001"/>
  <system-out>
    <![CDATA[Login Test Case!!]]>
  </system-out>
  <testcase classname="testNG_Flags.Flag3" name="method1" time="0.000"/>
  <system-out>
    <![CDATA[Login Test Case!!]]>
  </system-out>
  <testcase classname="testNG_Flags.Flag3" name="method1" time="0.003"/>
  <system-out>
    <![CDATA[Login Test Case!!]]>
  </system-out>
  <testcase classname="testNG_Flags.Flag3" name="method1" time="0.001"/>
  <system-out>
    <![CDATA[Login Test Case!!]]>
  </system-out>
  <testcase classname="testNG_Flags.Flag3" name="method1" time="0.002"/>
  <system-out>
    <![CDATA[Login Test Case!!]]>
  </system-out>
  <testcase classname="testNG_Flags.Flag3" name="method1" time="0.001"/>
  <system-out>
    <![CDATA[Login Test Case!!]]>
  </system-out>
  <testcase classname="testNG_Flags.Flag3" name="method1" time="0.001"/>
  <system-out>
    <![CDATA[Login Test Case!!]]>
  </system-out>
  <testcase classname="testNG_Flags.Flag3" name="method1" time="0.001"/>
  <system-out>
    <![CDATA[Login Test Case!!]]>
  </system-out>
  <testcase classname="testNG_Flags.Flag3" name="method1" time="0.000"/>
  <system-out>
    <![CDATA[Login Test Case!!]]>
  </system-out>
  <testcase classname="testNG_Flags.Flag3" name="method1" time="0.018"/>
  <system-out>
    <![CDATA[Login Test Case!!]]>
  </system-out>
  <testcase classname="testNG_Flags.Flag3" name="method1" time="0.000"/>
  <system-out>
    <![CDATA[Login Test Case!!]]>
  </system-out>
  <testcase classname="testNG_Flags.Flag3" name="method1" time="0.001"/>
  <system-out>
    <![CDATA[Login Test Case!!]]>
  </system-out>
  <testcase classname="testNG_Flags.Flag3" name="method1" time="0.001"/>
  <system-out>
    <![CDATA[Login Test Case!!]]>
  </system-out>
  <testcase classname="testNG_Flags.Flag3" name="method1" time="0.001"/>
  <system-out>
    <![CDATA[Login Test Case!!]]>
  </system-out>
  <testcase classname="testNG_Flags.Flag3" name="method1" time="0.001"/>
  <system-out>
    <![CDATA[Login Test Case!!]]>
  </system-out>
  <testcase classname="testNG_Flags.Flag3" name="method1" time="0.001"/>
  <system-out>
    <![CDATA[Login Test Case!!]]>
  </system-out>
  <testcase classname="testNG_Flags.Flag3" name="method1" time="0.000"/>
  <system-out>
    <![CDATA[Login Test Case!!]]>
  </system-out>
  <testcase classname="testNG_Flags.Flag3" name="method1" time="0.000"/>
  <system-out>
    <![CDATA[Login Test Case!!]]>
  </system-out>
  <testcase classname="testNG_Flags.Flag3" name="method1" time="0.010"/>
  <system-out>
    <![CDATA[Login Test Case!!]]>
  </system-out>
  <testcase classname="testNG_Flags.Flag3" name="method1" time="0.002"/>
  <system-out>
    <![CDATA[Login Test Case!!]]>
  </system-out>
  <testcase classname="testNG_Flags.Flag3" name="method1" time="0.001"/>
  <system-out>
    <![CDATA[Login Test Case!!]]>
  </system-out>
  <testcase classname="testNG_Flags.Flag3" name="method1" time="0.002"/>
  <system-out>
    <![CDATA[Login Test Case!!]]>
  </system-out>
  <testcase classname="testNG_Flags.Flag3" name="method1" time="0.001"/>
  <system-out>
    <![CDATA[Login Test Case!!]]>
  </system-out>
  <testcase classname="testNG_Flags.Flag3" name="method1" time="0.002"/>
  <system-out>
    <![CDATA[Login Test Case!!]]>
  </system-out>
  <testcase classname="testNG_Flags.Flag3" name="method1" time="0.001"/>
  <system-out>
    <![CDATA[Login Test Case!!]]>
  </system-out>
  <testcase classname="testNG_Flags.Flag3" name="method1" time="0.001"/>
  <system-out>
    <![CDATA[Login Test Case!!]]>
  </system-out>
  <testcase classname="testNG_Flags.Flag3" name="method1" time="0.002"/>
  <system-out>
    <![CDATA[Login Test Case!!]]>
  </system-out>
  <testcase classname="testNG_Flags.Flag3" name="method1" time="0.003"/>
  <system-out>
    <![CDATA[Login Test Case!!]]>
  </system-out>
  <testcase classname="testNG_Flags.Flag3" name="method1" time="0.009"/>
  <system-out>
    <![CDATA[Login Test Case!!]]>
  </system-out>
  <testcase classname="testNG_Flags.Flag3" name="method1" time="0.002"/>
  <system-out>
    <![CDATA[Login Test Case!!]]>
  </system-out>
  <testcase classname="testNG_Flags.Flag3" name="method1" time="0.002"/>
  <system-out>
    <![CDATA[Login Test Case!!]]>
  </system-out>
  <testcase classname="testNG_Flags.Flag3" name="method1" time="0.000"/>
  <system-out>
    <![CDATA[Login Test Case!!]]>
  </system-out>
  <testcase classname="testNG_Flags.Flag3" name="method1" time="0.002"/>
  <system-out>
    <![CDATA[Login Test Case!!]]>
  </system-out>
  <testcase classname="testNG_Flags.Flag3" name="method1" time="0.001"/>
  <system-out>
    <![CDATA[Login Test Case!!]]>
  </system-out>
  <testcase classname="testNG_Flags.Flag3" name="method1" time="0.001"/>
  <system-out>
    <![CDATA[Login Test Case!!]]>
  </system-out>
  <testcase classname="testNG_Flags.Flag3" name="method1" time="0.000"/>
  <system-out>
    <![CDATA[Login Test Case!!]]>
  </system-out>
  <testcase classname="testNG_Flags.Flag3" name="method1" time="0.000"/>
  <system-out>
    <![CDATA[Login Test Case!!]]>
  </system-out>
  <testcase classname="testNG_Flags.Flag3" name="method1" time="0.001"/>
  <system-out>
    <![CDATA[Login Test Case!!]]>
  </system-out>
  <testcase classname="testNG_Flags.Flag3" name="method1" time="0.000"/>
  <system-out>
    <![CDATA[Login Test Case!!]]>
  </system-out>
  <testcase classname="testNG_Flags.Flag3" name="method1" time="0.007"/>
  <system-out>
    <![CDATA[Login Test Case!!]]>
  </system-out>
  <testcase classname="testNG_Flags.Flag3" name="method1" time="0.001"/>
  <system-out>
    <![CDATA[Login Test Case!!]]>
  </system-out>
  <testcase classname="testNG_Flags.Flag3" name="method1" time="0.000"/>
  <system-out>
    <![CDATA[Login Test Case!!]]>
  </system-out>
  <testcase classname="testNG_Flags.Flag3" name="method1" time="0.000"/>
  <system-out>
    <![CDATA[Login Test Case!!]]>
  </system-out>
  <testcase classname="testNG_Flags.Flag3" name="method1" time="0.001"/>
  <system-out>
    <![CDATA[Login Test Case!!]]>
  </system-out>
  <testcase classname="testNG_Flags.Flag3" name="method1" time="0.000"/>
  <system-out>
    <![CDATA[Login Test Case!!]]>
  </system-out>
  <testcase classname="testNG_Flags.Flag3" name="method1" time="0.002"/>
  <system-out>
    <![CDATA[Login Test Case!!]]>
  </system-out>
  <testcase classname="testNG_Flags.Flag3" name="method1" time="0.001"/>
  <system-out>
    <![CDATA[Login Test Case!!]]>
  </system-out>
  <testcase classname="testNG_Flags.Flag3" name="method1" time="0.001"/>
  <system-out>
    <![CDATA[Login Test Case!!]]>
  </system-out>
  <testcase classname="testNG_Flags.Flag3" name="method1" time="0.004"/>
  <system-out>
    <![CDATA[Login Test Case!!]]>
  </system-out>
  <testcase classname="testNG_Flags.Flag3" name="method1" time="0.001"/>
  <system-out>
    <![CDATA[Login Test Case!!]]>
  </system-out>
  <testcase classname="testNG_Flags.Flag3" name="method1" time="0.011"/>
  <system-out>
    <![CDATA[Login Test Case!!]]>
  </system-out>
  <testcase classname="testNG_Flags.Flag3" name="method1" time="0.001"/>
  <system-out>
    <![CDATA[Login Test Case!!]]>
  </system-out>
  <testcase classname="testNG_Flags.Flag3" name="method1" time="0.000"/>
  <system-out>
    <![CDATA[Login Test Case!!]]>
  </system-out>
  <testcase classname="testNG_Flags.Flag3" name="method1" time="0.001"/>
  <system-out>
    <![CDATA[Login Test Case!!]]>
  </system-out>
  <testcase classname="testNG_Flags.Flag3" name="method1" time="0.001"/>
  <system-out>
    <![CDATA[Login Test Case!!]]>
  </system-out>
  <testcase classname="testNG_Flags.Flag3" name="method1" time="0.001"/>
  <system-out>
    <![CDATA[Login Test Case!!]]>
  </system-out>
  <testcase classname="testNG_Flags.Flag3" name="method1" time="0.000"/>
  <system-out>
    <![CDATA[Login Test Case!!]]>
  </system-out>
  <testcase classname="testNG_Flags.Flag3" name="method1" time="0.007"/>
  <system-out>
    <![CDATA[Login Test Case!!]]>
  </system-out>
  <testcase classname="testNG_Flags.Flag3" name="method1" time="0.001"/>
  <system-out>
    <![CDATA[Login Test Case!!]]>
  </system-out>
  <testcase classname="testNG_Flags.Flag3" name="method1" time="0.002"/>
  <system-out>
    <![CDATA[Login Test Case!!]]>
  </system-out>
  <testcase classname="testNG_Flags.Flag3" name="method1" time="0.002"/>
  <system-out>
    <![CDATA[Login Test Case!!]]>
  </system-out>
  <testcase classname="testNG_Flags.Flag3" name="method1" time="0.000"/>
  <system-out>
    <![CDATA[Login Test Case!!]]>
  </system-out>
  <testcase classname="testNG_Flags.Flag3" name="method1" time="0.001"/>
  <system-out>
    <![CDATA[Login Test Case!!]]>
  </system-out>
  <testcase classname="testNG_Flags.Flag3" name="method1" time="0.001"/>
  <system-out>
    <![CDATA[Login Test Case!!]]>
  </system-out>
  <testcase classname="testNG_Flags.Flag3" name="method1" time="0.001"/>
  <system-out>
    <![CDATA[Login Test Case!!]]>
  </system-out>
  <testcase classname="testNG_Flags.Flag3" name="method1" time="0.001"/>
  <system-out>
    <![CDATA[Login Test Case!!]]>
  </system-out>
  <testcase classname="testNG_Flags.Flag3" name="method1" time="0.003"/>
  <system-out>
    <![CDATA[Login Test Case!!]]>
  </system-out>
  <testcase classname="testNG_Flags.Flag3" name="method1" time="0.001"/>
  <system-out>
    <![CDATA[Login Test Case!!]]>
  </system-out>
  <testcase classname="testNG_Flags.Flag3" name="method1" time="0.002"/>
  <system-out>
    <![CDATA[Login Test Case!!]]>
  </system-out>
  <testcase classname="testNG_Flags.Flag3" name="method1" time="0.002"/>
  <system-out>
    <![CDATA[Login Test Case!!]]>
  </system-out>
  <testcase classname="testNG_Flags.Flag3" name="method1" time="0.000"/>
  <system-out>
    <![CDATA[Login Test Case!!]]>
  </system-out>
  <testcase classname="testNG_Flags.Flag3" name="method1" time="0.002"/>
  <system-out>
    <![CDATA[Login Test Case!!]]>
  </system-out>
  <testcase classname="testNG_Flags.Flag3" name="method1" time="0.001"/>
  <system-out>
    <![CDATA[Login Test Case!!]]>
  </system-out>
  <testcase classname="testNG_Flags.Flag3" name="method1" time="0.000"/>
  <system-out>
    <![CDATA[Login Test Case!!]]>
  </system-out>
  <testcase classname="testNG_Flags.Flag3" name="method1" time="0.001"/>
  <system-out>
    <![CDATA[Login Test Case!!]]>
  </system-out>
  <testcase classname="testNG_Flags.Flag3" name="method1" time="0.001"/>
  <system-out>
    <![CDATA[Login Test Case!!]]>
  </system-out>
  <testcase classname="testNG_Flags.Flag3" name="method1" time="0.011"/>
  <system-out>
    <![CDATA[Login Test Case!!]]>
  </system-out>
  <testcase classname="testNG_Flags.Flag3" name="method1" time="0.001"/>
  <system-out>
    <![CDATA[Login Test Case!!]]>
  </system-out>
  <testcase classname="testNG_Flags.Flag3" name="method1" time="0.001"/>
  <system-out>
    <![CDATA[Login Test Case!!]]>
  </system-out>
  <testcase classname="testNG_Flags.Flag3" name="method1" time="0.000"/>
  <system-out>
    <![CDATA[Login Test Case!!]]>
  </system-out>
  <testcase classname="testNG_Flags.Flag3" name="method1" time="0.001"/>
  <system-out>
    <![CDATA[Login Test Case!!]]>
  </system-out>
  <testcase classname="testNG_Flags.Flag3" name="method1" time="0.001"/>
  <system-out>
    <![CDATA[Login Test Case!!]]>
  </system-out>
  <testcase classname="testNG_Flags.Flag3" name="method1" time="0.001"/>
  <system-out>
    <![CDATA[Login Test Case!!]]>
  </system-out>
  <testcase classname="testNG_Flags.Flag3" name="method1" time="0.000"/>
  <system-out>
    <![CDATA[Login Test Case!!]]>
  </system-out>
  <testcase classname="testNG_Flags.Flag3" name="method1" time="0.000"/>
  <system-out>
    <![CDATA[Login Test Case!!]]>
  </system-out>
  <testcase classname="testNG_Flags.Flag3" name="method1" time="0.001"/>
  <system-out>
    <![CDATA[Login Test Case!!]]>
  </system-out>
  <testcase classname="testNG_Flags.Flag3" name="method1" time="0.001"/>
  <system-out>
    <![CDATA[Login Test Case!!]]>
  </system-out>
  <testcase classname="testNG_Flags.Flag3" name="method1" time="0.001"/>
  <system-out>
    <![CDATA[Login Test Case!!]]>
  </system-out>
  <testcase classname="testNG_Flags.Flag3" name="method1" time="0.000"/>
  <system-out>
    <![CDATA[Login Test Case!!]]>
  </system-out>
  <testcase classname="testNG_Flags.Flag3" name="method1" time="0.000"/>
  <system-out>
    <![CDATA[Login Test Case!!]]>
  </system-out>
  <testcase classname="testNG_Flags.Flag3" name="method1" time="0.000"/>
  <system-out>
    <![CDATA[Login Test Case!!]]>
  </system-out>
  <testcase classname="testNG_Flags.Flag3" name="method1" time="0.000"/>
  <system-out>
    <![CDATA[Login Test Case!!]]>
  </system-out>
  <testcase classname="testNG_Flags.Flag3" name="method1" time="0.001"/>
  <system-out>
    <![CDATA[Login Test Case!!]]>
  </system-out>
  <testcase classname="testNG_Flags.Flag3" name="method1" time="0.000"/>
  <system-out>
    <![CDATA[Login Test Case!!]]>
  </system-out>
  <testcase classname="testNG_Flags.Flag3" name="method1" time="0.000"/>
  <system-out>
    <![CDATA[Login Test Case!!]]>
  </system-out>
  <testcase classname="testNG_Flags.Flag3" name="method1" time="0.000"/>
  <system-out>
    <![CDATA[Login Test Case!!]]>
  </system-out>
  <testcase classname="testNG_Flags.Flag3" name="method1" time="0.001"/>
  <system-out>
    <![CDATA[Login Test Case!!]]>
  </system-out>
  <testcase classname="testNG_Flags.Flag3" name="method1" time="0.001"/>
  <system-out>
    <![CDATA[Login Test Case!!]]>
  </system-out>
  <testcase classname="testNG_Flags.Flag3" name="method1" time="0.001"/>
  <system-out>
    <![CDATA[Login Test Case!!]]>
  </system-out>
  <testcase classname="testNG_Flags.Flag3" name="method1" time="0.001"/>
  <system-out>
    <![CDATA[Login Test Case!!]]>
  </system-out>
  <testcase classname="testNG_Flags.Flag3" name="method1" time="0.001"/>
  <system-out>
    <![CDATA[Login Test Case!!]]>
  </system-out>
  <testcase classname="testNG_Flags.Flag3" name="method1" time="0.002"/>
  <system-out>
    <![CDATA[Login Test Case!!]]>
  </system-out>
  <testcase classname="testNG_Flags.Flag3" name="method1" time="0.001"/>
  <system-out>
    <![CDATA[Login Test Case!!]]>
  </system-out>
  <testcase classname="testNG_Flags.Flag3" name="method1" time="0.000"/>
  <system-out>
    <![CDATA[Login Test Case!!]]>
  </system-out>
  <testcase classname="testNG_Flags.Flag3" name="method1" time="0.001"/>
  <system-out>
    <![CDATA[Login Test Case!!]]>
  </system-out>
  <testcase classname="testNG_Flags.Flag3" name="method1" time="0.001"/>
  <system-out>
    <![CDATA[Login Test Case!!]]>
  </system-out>
  <testcase classname="testNG_Flags.Flag3" name="method1" time="0.001"/>
  <system-out>
    <![CDATA[Login Test Case!!]]>
  </system-out>
  <testcase classname="testNG_Flags.Flag3" name="method1" time="0.000"/>
  <system-out>
    <![CDATA[Login Test Case!!]]>
  </system-out>
  <testcase classname="testNG_Flags.Flag3" name="method1" time="0.002"/>
  <system-out>
    <![CDATA[Login Test Case!!]]>
  </system-out>
  <testcase classname="testNG_Flags.Flag3" name="method1" time="0.001"/>
  <system-out>
    <![CDATA[Login Test Case!!]]>
  </system-out>
  <testcase classname="testNG_Flags.Flag3" name="method1" time="0.001"/>
  <system-out>
    <![CDATA[Login Test Case!!]]>
  </system-out>
  <testcase classname="testNG_Flags.Flag3" name="method1" time="0.001"/>
  <system-out>
    <![CDATA[Login Test Case!!]]>
  </system-out>
  <testcase classname="testNG_Flags.Flag3" name="method1" time="0.001"/>
  <system-out>
    <![CDATA[Login Test Case!!]]>
  </system-out>
  <testcase classname="testNG_Flags.Flag3" name="method1" time="0.001"/>
  <system-out>
    <![CDATA[Login Test Case!!]]>
  </system-out>
  <testcase classname="testNG_Flags.Flag3" name="method1" time="0.004"/>
  <system-out>
    <![CDATA[Login Test Case!!]]>
  </system-out>
  <testcase classname="testNG_Flags.Flag3" name="method1" time="0.002"/>
  <system-out>
    <![CDATA[Login Test Case!!]]>
  </system-out>
  <testcase classname="testNG_Flags.Flag3" name="method1" time="0.003"/>
  <system-out>
    <![CDATA[Login Test Case!!]]>
  </system-out>
  <testcase classname="testNG_Flags.Flag3" name="method1" time="0.001"/>
  <system-out>
    <![CDATA[Login Test Case!!]]>
  </system-out>
  <testcase classname="testNG_Flags.Flag3" name="method1" time="0.001"/>
  <system-out>
    <![CDATA[Login Test Case!!]]>
  </system-out>
  <testcase classname="testNG_Flags.Flag3" name="method1" time="0.000"/>
  <system-out>
    <![CDATA[Login Test Case!!]]>
  </system-out>
  <testcase classname="testNG_Flags.Flag3" name="method1" time="0.000"/>
  <system-out>
    <![CDATA[Login Test Case!!]]>
  </system-out>
  <testcase classname="testNG_Flags.Flag3" name="method1" time="0.001"/>
  <system-out>
    <![CDATA[Login Test Case!!]]>
  </system-out>
  <testcase classname="testNG_Flags.Flag3" name="method1" time="0.001"/>
  <system-out>
    <![CDATA[Login Test Case!!]]>
  </system-out>
  <testcase classname="testNG_Flags.Flag3" name="method1" time="0.002"/>
  <system-out>
    <![CDATA[Login Test Case!!]]>
  </system-out>
  <testcase classname="testNG_Flags.Flag3" name="method1" time="0.001"/>
  <system-out>
    <![CDATA[Login Test Case!!]]>
  </system-out>
  <testcase classname="testNG_Flags.Flag3" name="method1" time="0.001"/>
  <system-out>
    <![CDATA[Login Test Case!!]]>
  </system-out>
  <testcase classname="testNG_Flags.Flag3" name="method1" time="0.001"/>
  <system-out>
    <![CDATA[Login Test Case!!]]>
  </system-out>
  <testcase classname="testNG_Flags.Flag3" name="method1" time="0.000"/>
  <system-out>
    <![CDATA[Login Test Case!!]]>
  </system-out>
  <testcase classname="testNG_Flags.Flag3" name="method1" time="0.003"/>
  <system-out>
    <![CDATA[Login Test Case!!]]>
  </system-out>
  <testcase classname="testNG_Flags.Flag3" name="method1" time="0.000"/>
  <system-out>
    <![CDATA[Login Test Case!!]]>
  </system-out>
  <testcase classname="testNG_Flags.Flag3" name="method1" time="0.000"/>
  <system-out>
    <![CDATA[Login Test Case!!]]>
  </system-out>
  <testcase classname="testNG_Flags.Flag3" name="method1" time="0.001"/>
  <system-out>
    <![CDATA[Login Test Case!!]]>
  </system-out>
  <testcase classname="testNG_Flags.Flag3" name="method1" time="0.001"/>
  <system-out>
    <![CDATA[Login Test Case!!]]>
  </system-out>
  <testcase classname="testNG_Flags.Flag3" name="method1" time="0.000"/>
  <system-out>
    <![CDATA[Login Test Case!!]]>
  </system-out>
  <testcase classname="testNG_Flags.Flag3" name="method1" time="0.001"/>
  <system-out>
    <![CDATA[Login Test Case!!]]>
  </system-out>
  <testcase classname="testNG_Flags.Flag3" name="method1" time="0.001"/>
  <system-out>
    <![CDATA[Login Test Case!!]]>
  </system-out>
  <testcase classname="testNG_Flags.Flag3" name="method1" time="0.001"/>
  <system-out>
    <![CDATA[Login Test Case!!]]>
  </system-out>
  <testcase classname="testNG_Flags.Flag3" name="method1" time="0.000"/>
  <system-out>
    <![CDATA[Login Test Case!!]]>
  </system-out>
  <testcase classname="testNG_Flags.Flag3" name="method1" time="0.001"/>
  <system-out>
    <![CDATA[Login Test Case!!]]>
  </system-out>
  <testcase classname="testNG_Flags.Flag3" name="method1" time="0.000"/>
  <system-out>
    <![CDATA[Login Test Case!!]]>
  </system-out>
  <testcase classname="testNG_Flags.Flag3" name="method1" time="0.001"/>
  <system-out>
    <![CDATA[Login Test Case!!]]>
  </system-out>
  <testcase classname="testNG_Flags.Flag3" name="method1" time="0.000"/>
  <system-out>
    <![CDATA[Login Test Case!!]]>
  </system-out>
  <testcase classname="testNG_Flags.Flag3" name="method1" time="0.001"/>
  <system-out>
    <![CDATA[Login Test Case!!]]>
  </system-out>
  <testcase classname="testNG_Flags.Flag3" name="method1" time="0.001"/>
  <system-out>
    <![CDATA[Login Test Case!!]]>
  </system-out>
  <testcase classname="testNG_Flags.Flag3" name="method1" time="0.001"/>
  <system-out>
    <![CDATA[Login Test Case!!]]>
  </system-out>
  <testcase classname="testNG_Flags.Flag3" name="method1" time="0.001"/>
  <system-out>
    <![CDATA[Login Test Case!!]]>
  </system-out>
  <testcase classname="testNG_Flags.Flag3" name="method1" time="0.000"/>
  <system-out>
    <![CDATA[Login Test Case!!]]>
  </system-out>
  <testcase classname="testNG_Flags.Flag3" name="method1" time="0.001"/>
  <system-out>
    <![CDATA[Login Test Case!!]]>
  </system-out>
  <testcase classname="testNG_Flags.Flag3" name="method1" time="0.001"/>
  <system-out>
    <![CDATA[Login Test Case!!]]>
  </system-out>
  <testcase classname="testNG_Flags.Flag3" name="method1" time="0.001"/>
  <system-out>
    <![CDATA[Login Test Case!!]]>
  </system-out>
  <testcase classname="testNG_Flags.Flag3" name="method1" time="0.001"/>
  <system-out>
    <![CDATA[Login Test Case!!]]>
  </system-out>
  <testcase classname="testNG_Flags.Flag3" name="method1" time="0.001"/>
  <system-out>
    <![CDATA[Login Test Case!!]]>
  </system-out>
  <testcase classname="testNG_Flags.Flag3" name="method1" time="0.000"/>
  <system-out>
    <![CDATA[Login Test Case!!]]>
  </system-out>
  <testcase classname="testNG_Flags.Flag3" name="method1" time="0.000"/>
  <system-out>
    <![CDATA[Login Test Case!!]]>
  </system-out>
  <testcase classname="testNG_Flags.Flag3" name="method1" time="0.001"/>
  <system-out>
    <![CDATA[Login Test Case!!]]>
  </system-out>
  <testcase classname="testNG_Flags.Flag3" name="method1" time="0.000"/>
  <system-out>
    <![CDATA[Login Test Case!!]]>
  </system-out>
  <testcase classname="testNG_Flags.Flag3" name="method1" time="0.001"/>
  <system-out>
    <![CDATA[Login Test Case!!]]>
  </system-out>
  <testcase classname="testNG_Flags.Flag3" name="method1" time="0.000"/>
  <system-out>
    <![CDATA[Login Test Case!!]]>
  </system-out>
  <testcase classname="testNG_Flags.Flag3" name="method1" time="0.007"/>
  <system-out>
    <![CDATA[Login Test Case!!]]>
  </system-out>
  <testcase classname="testNG_Flags.Flag3" name="method1" time="0.001"/>
  <system-out>
    <![CDATA[Login Test Case!!]]>
  </system-out>
  <testcase classname="testNG_Flags.Flag3" name="method1" time="0.000"/>
  <system-out>
    <![CDATA[Login Test Case!!]]>
  </system-out>
  <testcase classname="testNG_Flags.Flag3" name="method1" time="0.000"/>
  <system-out>
    <![CDATA[Login Test Case!!]]>
  </system-out>
  <testcase classname="testNG_Flags.Flag3" name="method1" time="0.001"/>
  <system-out>
    <![CDATA[Login Test Case!!]]>
  </system-out>
  <testcase classname="testNG_Flags.Flag3" name="method1" time="0.001"/>
  <system-out>
    <![CDATA[Login Test Case!!]]>
  </system-out>
  <testcase classname="testNG_Flags.Flag3" name="method1" time="0.001"/>
  <system-out>
    <![CDATA[Login Test Case!!]]>
  </system-out>
  <testcase classname="testNG_Flags.Flag3" name="method1" time="0.000"/>
  <system-out>
    <![CDATA[Login Test Case!!]]>
  </system-out>
  <testcase classname="testNG_Flags.Flag3" name="method1" time="0.002"/>
  <system-out>
    <![CDATA[Login Test Case!!]]>
  </system-out>
  <testcase classname="testNG_Flags.Flag3" name="method1" time="0.003"/>
  <system-out>
    <![CDATA[Login Test Case!!]]>
  </system-out>
  <testcase classname="testNG_Flags.Flag3" name="method1" time="0.001"/>
  <system-out>
    <![CDATA[Login Test Case!!]]>
  </system-out>
  <testcase classname="testNG_Flags.Flag3" name="method1" time="0.001"/>
  <system-out>
    <![CDATA[Login Test Case!!]]>
  </system-out>
  <testcase classname="testNG_Flags.Flag3" name="method1" time="0.001"/>
  <system-out>
    <![CDATA[Login Test Case!!]]>
  </system-out>
  <testcase classname="testNG_Flags.Flag3" name="method1" time="0.002"/>
  <system-out>
    <![CDATA[Login Test Case!!]]>
  </system-out>
  <testcase classname="testNG_Flags.Flag3" name="method1" time="0.001"/>
  <system-out>
    <![CDATA[Login Test Case!!]]>
  </system-out>
  <testcase classname="testNG_Flags.Flag3" name="method1" time="0.001"/>
  <system-out>
    <![CDATA[Login Test Case!!]]>
  </system-out>
  <testcase classname="testNG_Flags.Flag3" name="method1" time="0.001"/>
  <system-out>
    <![CDATA[Login Test Case!!]]>
  </system-out>
  <testcase classname="testNG_Flags.Flag3" name="method1" time="0.001"/>
  <system-out>
    <![CDATA[Login Test Case!!]]>
  </system-out>
  <testcase classname="testNG_Flags.Flag3" name="method1" time="0.000"/>
  <system-out>
    <![CDATA[Login Test Case!!]]>
  </system-out>
  <testcase classname="testNG_Flags.Flag3" name="method1" time="0.000"/>
  <system-out>
    <![CDATA[Login Test Case!!]]>
  </system-out>
  <testcase classname="testNG_Flags.Flag3" name="method1" time="0.001"/>
  <system-out>
    <![CDATA[Login Test Case!!]]>
  </system-out>
  <testcase classname="testNG_Flags.Flag3" name="method1" time="0.005"/>
  <system-out>
    <![CDATA[Login Test Case!!]]>
  </system-out>
  <testcase classname="testNG_Flags.Flag3" name="method1" time="0.001"/>
  <system-out>
    <![CDATA[Login Test Case!!]]>
  </system-out>
  <testcase classname="testNG_Flags.Flag3" name="method1" time="0.000"/>
  <system-out>
    <![CDATA[Login Test Case!!]]>
  </system-out>
  <testcase classname="testNG_Flags.Flag3" name="method1" time="0.001"/>
  <system-out>
    <![CDATA[Login Test Case!!]]>
  </system-out>
  <testcase classname="testNG_Flags.Flag3" name="method1" time="0.000"/>
  <system-out>
    <![CDATA[Login Test Case!!]]>
  </system-out>
  <testcase classname="testNG_Flags.Flag3" name="method1" time="0.001"/>
  <system-out>
    <![CDATA[Login Test Case!!]]>
  </system-out>
  <testcase classname="testNG_Flags.Flag3" name="method1" time="0.001"/>
  <system-out>
    <![CDATA[Login Test Case!!]]>
  </system-out>
  <testcase classname="testNG_Flags.Flag3" name="method1" time="0.000"/>
  <system-out>
    <![CDATA[Login Test Case!!]]>
  </system-out>
  <testcase classname="testNG_Flags.Flag3" name="method1" time="0.001"/>
  <system-out>
    <![CDATA[Login Test Case!!]]>
  </system-out>
  <testcase classname="testNG_Flags.Flag3" name="method1" time="0.000"/>
  <system-out>
    <![CDATA[Login Test Case!!]]>
  </system-out>
  <testcase classname="testNG_Flags.Flag3" name="method1" time="0.001"/>
  <system-out>
    <![CDATA[Login Test Case!!]]>
  </system-out>
  <testcase classname="testNG_Flags.Flag3" name="method1" time="0.001"/>
  <system-out>
    <![CDATA[Login Test Case!!]]>
  </system-out>
  <testcase classname="testNG_Flags.Flag3" name="method1" time="0.002"/>
  <system-out>
    <![CDATA[Login Test Case!!]]>
  </system-out>
  <testcase classname="testNG_Flags.Flag3" name="method1" time="0.001"/>
  <system-out>
    <![CDATA[Login Test Case!!]]>
  </system-out>
  <testcase classname="testNG_Flags.Flag3" name="method1" time="0.000"/>
  <system-out>
    <![CDATA[Login Test Case!!]]>
  </system-out>
  <testcase classname="testNG_Flags.Flag3" name="method1" time="0.001"/>
  <system-out>
    <![CDATA[Login Test Case!!]]>
  </system-out>
  <testcase classname="testNG_Flags.Flag3" name="method1" time="0.000"/>
  <system-out>
    <![CDATA[Login Test Case!!]]>
  </system-out>
  <testcase classname="testNG_Flags.Flag3" name="method1" time="0.000"/>
  <system-out>
    <![CDATA[Login Test Case!!]]>
  </system-out>
  <testcase classname="testNG_Flags.Flag3" name="method1" time="0.000"/>
  <system-out>
    <![CDATA[Login Test Case!!]]>
  </system-out>
  <testcase classname="testNG_Flags.Flag3" name="method1" time="0.000"/>
  <system-out>
    <![CDATA[Login Test Case!!]]>
  </system-out>
  <testcase classname="testNG_Flags.Flag3" name="method1" time="0.000"/>
  <system-out>
    <![CDATA[Login Test Case!!]]>
  </system-out>
  <testcase classname="testNG_Flags.Flag3" name="method1" time="0.001"/>
  <system-out>
    <![CDATA[Login Test Case!!]]>
  </system-out>
  <testcase classname="testNG_Flags.Flag3" name="method1" time="0.001"/>
  <system-out>
    <![CDATA[Login Test Case!!]]>
  </system-out>
  <testcase classname="testNG_Flags.Flag3" name="method1" time="0.001"/>
  <system-out>
    <![CDATA[Login Test Case!!]]>
  </system-out>
  <testcase classname="testNG_Flags.Flag3" name="method1" time="0.001"/>
  <system-out>
    <![CDATA[Login Test Case!!]]>
  </system-out>
  <testcase classname="testNG_Flags.Flag3" name="method1" time="0.001"/>
  <system-out>
    <![CDATA[Login Test Case!!]]>
  </system-out>
  <testcase classname="testNG_Flags.Flag3" name="method1" time="0.001"/>
  <system-out>
    <![CDATA[Login Test Case!!]]>
  </system-out>
  <testcase classname="testNG_Flags.Flag3" name="method1" time="0.014"/>
  <system-out>
    <![CDATA[Login Test Case!!]]>
  </system-out>
  <testcase classname="testNG_Flags.Flag3" name="method1" time="0.000"/>
  <system-out>
    <![CDATA[Login Test Case!!]]>
  </system-out>
  <testcase classname="testNG_Flags.Flag3" name="method1" time="0.001"/>
  <system-out>
    <![CDATA[Login Test Case!!]]>
  </system-out>
  <testcase classname="testNG_Flags.Flag3" name="method1" time="0.001"/>
  <system-out>
    <![CDATA[Login Test Case!!]]>
  </system-out>
  <testcase classname="testNG_Flags.Flag3" name="method1" time="0.000"/>
  <system-out>
    <![CDATA[Login Test Case!!]]>
  </system-out>
  <testcase classname="testNG_Flags.Flag3" name="method1" time="0.000"/>
  <system-out>
    <![CDATA[Login Test Case!!]]>
  </system-out>
  <testcase classname="testNG_Flags.Flag3" name="method1" time="0.000"/>
  <system-out>
    <![CDATA[Login Test Case!!]]>
  </system-out>
  <testcase classname="testNG_Flags.Flag3" name="method1" time="0.000"/>
  <system-out>
    <![CDATA[Login Test Case!!]]>
  </system-out>
  <testcase classname="testNG_Flags.Flag3" name="method1" time="0.000"/>
  <system-out>
    <![CDATA[Login Test Case!!]]>
  </system-out>
  <testcase classname="testNG_Flags.Flag3" name="method1" time="0.000"/>
  <system-out>
    <![CDATA[Login Test Case!!]]>
  </system-out>
  <testcase classname="testNG_Flags.Flag3" name="method1" time="0.001"/>
  <system-out>
    <![CDATA[Login Test Case!!]]>
  </system-out>
  <testcase classname="testNG_Flags.Flag3" name="method1" time="0.000"/>
  <system-out>
    <![CDATA[Login Test Case!!]]>
  </system-out>
  <testcase classname="testNG_Flags.Flag3" name="method1" time="0.002"/>
  <system-out>
    <![CDATA[Login Test Case!!]]>
  </system-out>
  <testcase classname="testNG_Flags.Flag3" name="method1" time="0.001"/>
  <system-out>
    <![CDATA[Login Test Case!!]]>
  </system-out>
  <testcase classname="testNG_Flags.Flag3" name="method1" time="0.001"/>
  <system-out>
    <![CDATA[Login Test Case!!]]>
  </system-out>
  <testcase classname="testNG_Flags.Flag3" name="method1" time="0.001"/>
  <system-out>
    <![CDATA[Login Test Case!!]]>
  </system-out>
  <testcase classname="testNG_Flags.Flag3" name="method1" time="0.000"/>
  <system-out>
    <![CDATA[Login Test Case!!]]>
  </system-out>
  <testcase classname="testNG_Flags.Flag3" name="method1" time="0.000"/>
  <system-out>
    <![CDATA[Login Test Case!!]]>
  </system-out>
  <testcase classname="testNG_Flags.Flag3" name="method1" time="0.001"/>
  <system-out>
    <![CDATA[Login Test Case!!]]>
  </system-out>
  <testcase classname="testNG_Flags.Flag3" name="method1" time="0.001"/>
  <system-out>
    <![CDATA[Login Test Case!!]]>
  </system-out>
  <testcase classname="testNG_Flags.Flag3" name="method1" time="0.000"/>
  <system-out>
    <![CDATA[Login Test Case!!]]>
  </system-out>
  <testcase classname="testNG_Flags.Flag3" name="method1" time="0.000"/>
  <system-out>
    <![CDATA[Login Test Case!!]]>
  </system-out>
  <testcase classname="testNG_Flags.Flag3" name="method1" time="0.001"/>
  <system-out>
    <![CDATA[Login Test Case!!]]>
  </system-out>
  <testcase classname="testNG_Flags.Flag3" name="method1" time="0.003"/>
  <system-out>
    <![CDATA[Login Test Case!!]]>
  </system-out>
  <testcase classname="testNG_Flags.Flag3" name="method1" time="0.001"/>
  <system-out>
    <![CDATA[Login Test Case!!]]>
  </system-out>
  <testcase classname="testNG_Flags.Flag3" name="method1" time="0.001"/>
  <system-out>
    <![CDATA[Login Test Case!!]]>
  </system-out>
  <testcase classname="testNG_Flags.Flag3" name="method1" time="0.001"/>
  <system-out>
    <![CDATA[Login Test Case!!]]>
  </system-out>
  <testcase classname="testNG_Flags.Flag3" name="method1" time="0.004"/>
  <system-out>
    <![CDATA[Login Test Case!!]]>
  </system-out>
  <testcase classname="testNG_Flags.Flag3" name="method1" time="0.001"/>
  <system-out>
    <![CDATA[Login Test Case!!]]>
  </system-out>
  <testcase classname="testNG_Flags.Flag3" name="method1" time="0.001"/>
  <system-out>
    <![CDATA[Login Test Case!!]]>
  </system-out>
  <testcase classname="testNG_Flags.Flag3" name="method1" time="0.001"/>
  <system-out>
    <![CDATA[Login Test Case!!]]>
  </system-out>
  <testcase classname="testNG_Flags.Flag3" name="method1" time="0.001"/>
  <system-out>
    <![CDATA[Login Test Case!!]]>
  </system-out>
  <testcase classname="testNG_Flags.Flag3" name="method1" time="0.001"/>
  <system-out>
    <![CDATA[Login Test Case!!]]>
  </system-out>
  <testcase classname="testNG_Flags.Flag3" name="method1" time="0.001"/>
  <system-out>
    <![CDATA[Login Test Case!!]]>
  </system-out>
  <testcase classname="testNG_Flags.Flag3" name="method1" time="0.001"/>
  <system-out>
    <![CDATA[Login Test Case!!]]>
  </system-out>
  <testcase classname="testNG_Flags.Flag3" name="method1" time="0.000"/>
  <system-out>
    <![CDATA[Login Test Case!!]]>
  </system-out>
  <testcase classname="testNG_Flags.Flag3" name="method1" time="0.000"/>
  <system-out>
    <![CDATA[Login Test Case!!]]>
  </system-out>
  <testcase classname="testNG_Flags.Flag3" name="method1" time="0.016"/>
  <system-out>
    <![CDATA[Login Test Case!!]]>
  </system-out>
  <testcase classname="testNG_Flags.Flag3" name="method1" time="0.001"/>
  <system-out>
    <![CDATA[Login Test Case!!]]>
  </system-out>
  <testcase classname="testNG_Flags.Flag3" name="method1" time="0.002"/>
  <system-out>
    <![CDATA[Login Test Case!!]]>
  </system-out>
  <testcase classname="testNG_Flags.Flag3" name="method1" time="0.000"/>
  <system-out>
    <![CDATA[Login Test Case!!]]>
  </system-out>
  <testcase classname="testNG_Flags.Flag3" name="method1" time="0.000"/>
  <system-out>
    <![CDATA[Login Test Case!!]]>
  </system-out>
  <testcase classname="testNG_Flags.Flag3" name="method1" time="0.001"/>
  <system-out>
    <![CDATA[Login Test Case!!]]>
  </system-out>
  <testcase classname="testNG_Flags.Flag3" name="method1" time="0.000"/>
  <system-out>
    <![CDATA[Login Test Case!!]]>
  </system-out>
  <testcase classname="testNG_Flags.Flag3" name="method1" time="0.000"/>
  <system-out>
    <![CDATA[Login Test Case!!]]>
  </system-out>
  <testcase classname="testNG_Flags.Flag3" name="method1" time="0.000"/>
  <system-out>
    <![CDATA[Login Test Case!!]]>
  </system-out>
  <testcase classname="testNG_Flags.Flag3" name="method1" time="0.001"/>
  <system-out>
    <![CDATA[Login Test Case!!]]>
  </system-out>
  <testcase classname="testNG_Flags.Flag3" name="method1" time="0.000"/>
  <system-out>
    <![CDATA[Login Test Case!!]]>
  </system-out>
  <testcase classname="testNG_Flags.Flag3" name="method1" time="0.000"/>
  <system-out>
    <![CDATA[Login Test Case!!]]>
  </system-out>
  <testcase classname="testNG_Flags.Flag3" name="method1" time="0.000"/>
  <system-out>
    <![CDATA[Login Test Case!!]]>
  </system-out>
  <testcase classname="testNG_Flags.Flag3" name="method1" time="0.000"/>
  <system-out>
    <![CDATA[Login Test Case!!]]>
  </system-out>
  <testcase classname="testNG_Flags.Flag3" name="method1" time="0.002"/>
  <system-out>
    <![CDATA[Login Test Case!!]]>
  </system-out>
  <testcase classname="testNG_Flags.Flag3" name="method1" time="0.000"/>
  <system-out>
    <![CDATA[Login Test Case!!]]>
  </system-out>
  <testcase classname="testNG_Flags.Flag3" name="method1" time="0.001"/>
  <system-out>
    <![CDATA[Login Test Case!!]]>
  </system-out>
  <testcase classname="testNG_Flags.Flag3" name="method1" time="0.000"/>
  <system-out>
    <![CDATA[Login Test Case!!]]>
  </system-out>
  <testcase classname="testNG_Flags.Flag3" name="method1" time="0.000"/>
  <system-out>
    <![CDATA[Login Test Case!!]]>
  </system-out>
  <testcase classname="testNG_Flags.Flag3" name="method1" time="0.004"/>
  <system-out>
    <![CDATA[Login Test Case!!]]>
  </system-out>
  <testcase classname="testNG_Flags.Flag3" name="method1" time="0.000"/>
  <system-out>
    <![CDATA[Login Test Case!!]]>
  </system-out>
  <testcase classname="testNG_Flags.Flag3" name="method1" time="0.000"/>
  <system-out>
    <![CDATA[Login Test Case!!]]>
  </system-out>
  <testcase classname="testNG_Flags.Flag3" name="method1" time="0.001"/>
  <system-out>
    <![CDATA[Login Test Case!!]]>
  </system-out>
  <testcase classname="testNG_Flags.Flag3" name="method1" time="0.000"/>
  <system-out>
    <![CDATA[Login Test Case!!]]>
  </system-out>
  <testcase classname="testNG_Flags.Flag3" name="method1" time="0.002"/>
  <system-out>
    <![CDATA[Login Test Case!!]]>
  </system-out>
  <testcase classname="testNG_Flags.Flag3" name="method1" time="0.000"/>
  <system-out>
    <![CDATA[Login Test Case!!]]>
  </system-out>
  <testcase classname="testNG_Flags.Flag3" name="method1" time="0.000"/>
  <system-out>
    <![CDATA[Login Test Case!!]]>
  </system-out>
  <testcase classname="testNG_Flags.Flag3" name="method1" time="0.000"/>
  <system-out>
    <![CDATA[Login Test Case!!]]>
  </system-out>
  <testcase classname="testNG_Flags.Flag3" name="method1" time="0.000"/>
  <system-out>
    <![CDATA[Login Test Case!!]]>
  </system-out>
  <testcase classname="testNG_Flags.Flag3" name="method1" time="0.001"/>
  <system-out>
    <![CDATA[Login Test Case!!]]>
  </system-out>
  <testcase classname="testNG_Flags.Flag3" name="method1" time="0.001"/>
  <system-out>
    <![CDATA[Login Test Case!!]]>
  </system-out>
  <testcase classname="testNG_Flags.Flag3" name="method1" time="0.005"/>
  <system-out>
    <![CDATA[Login Test Case!!]]>
  </system-out>
  <testcase classname="testNG_Flags.Flag3" name="method1" time="0.000"/>
  <system-out>
    <![CDATA[Login Test Case!!]]>
  </system-out>
  <testcase classname="testNG_Flags.Flag3" name="method1" time="0.002"/>
  <system-out>
    <![CDATA[Login Test Case!!]]>
  </system-out>
  <testcase classname="testNG_Flags.Flag3" name="method1" time="0.002"/>
  <system-out>
    <![CDATA[Login Test Case!!]]>
  </system-out>
  <testcase classname="testNG_Flags.Flag3" name="method1" time="0.000"/>
  <system-out>
    <![CDATA[Login Test Case!!]]>
  </system-out>
  <testcase classname="testNG_Flags.Flag3" name="method1" time="0.000"/>
  <system-out>
    <![CDATA[Login Test Case!!]]>
  </system-out>
  <testcase classname="testNG_Flags.Flag3" name="method1" time="0.001"/>
  <system-out>
    <![CDATA[Login Test Case!!]]>
  </system-out>
  <testcase classname="testNG_Flags.Flag3" name="method1" time="0.001"/>
  <system-out>
    <![CDATA[Login Test Case!!]]>
  </system-out>
  <testcase classname="testNG_Flags.Flag3" name="method1" time="0.001"/>
  <system-out>
    <![CDATA[Login Test Case!!]]>
  </system-out>
  <testcase classname="testNG_Flags.Flag3" name="method1" time="0.001"/>
  <system-out>
    <![CDATA[Login Test Case!!]]>
  </system-out>
  <testcase classname="testNG_Flags.Flag3" name="method1" time="0.003"/>
  <system-out>
    <![CDATA[Login Test Case!!]]>
  </system-out>
  <testcase classname="testNG_Flags.Flag3" name="method1" time="0.006"/>
  <system-out>
    <![CDATA[Login Test Case!!]]>
  </system-out>
  <testcase classname="testNG_Flags.Flag3" name="method1" time="0.003"/>
  <system-out>
    <![CDATA[Login Test Case!!]]>
  </system-out>
  <testcase classname="testNG_Flags.Flag3" name="method1" time="0.001"/>
  <system-out>
    <![CDATA[Login Test Case!!]]>
  </system-out>
  <testcase classname="testNG_Flags.Flag3" name="method1" time="0.005"/>
  <system-out>
    <![CDATA[Login Test Case!!]]>
  </system-out>
  <testcase classname="testNG_Flags.Flag3" name="method1" time="0.001"/>
  <system-out>
    <![CDATA[Login Test Case!!]]>
  </system-out>
  <testcase classname="testNG_Flags.Flag3" name="method1" time="0.001"/>
  <system-out>
    <![CDATA[Login Test Case!!]]>
  </system-out>
  <testcase classname="testNG_Flags.Flag3" name="method1" time="0.001"/>
  <system-out>
    <![CDATA[Login Test Case!!]]>
  </system-out>
  <testcase classname="testNG_Flags.Flag3" name="method1" time="0.001"/>
  <system-out>
    <![CDATA[Login Test Case!!]]>
  </system-out>
  <testcase classname="testNG_Flags.Flag3" name="method1" time="0.001"/>
  <system-out>
    <![CDATA[Login Test Case!!]]>
  </system-out>
  <testcase classname="testNG_Flags.Flag3" name="method1" time="0.001"/>
  <system-out>
    <![CDATA[Login Test Case!!]]>
  </system-out>
  <testcase classname="testNG_Flags.Flag3" name="method1" time="0.000"/>
  <system-out>
    <![CDATA[Login Test Case!!]]>
  </system-out>
  <testcase classname="testNG_Flags.Flag3" name="method1" time="0.001"/>
  <system-out>
    <![CDATA[Login Test Case!!]]>
  </system-out>
  <testcase classname="testNG_Flags.Flag3" name="method1" time="0.000"/>
  <system-out>
    <![CDATA[Login Test Case!!]]>
  </system-out>
  <testcase classname="testNG_Flags.Flag3" name="method1" time="0.001"/>
  <system-out>
    <![CDATA[Login Test Case!!]]>
  </system-out>
  <testcase classname="testNG_Flags.Flag3" name="method1" time="0.000"/>
  <system-out>
    <![CDATA[Login Test Case!!]]>
  </system-out>
  <testcase classname="testNG_Flags.Flag3" name="method1" time="0.001"/>
  <system-out>
    <![CDATA[Login Test Case!!]]>
  </system-out>
  <testcase classname="testNG_Flags.Flag3" name="method1" time="0.001"/>
  <system-out>
    <![CDATA[Login Test Case!!]]>
  </system-out>
  <testcase classname="testNG_Flags.Flag3" name="method1" time="0.001"/>
  <system-out>
    <![CDATA[Login Test Case!!]]>
  </system-out>
  <testcase classname="testNG_Flags.Flag3" name="method1" time="0.002"/>
  <system-out>
    <![CDATA[Login Test Case!!]]>
  </system-out>
  <testcase classname="testNG_Flags.Flag3" name="method1" time="0.000"/>
  <system-out>
    <![CDATA[Login Test Case!!]]>
  </system-out>
  <testcase classname="testNG_Flags.Flag3" name="method1" time="0.000"/>
  <system-out>
    <![CDATA[Login Test Case!!]]>
  </system-out>
  <testcase classname="testNG_Flags.Flag3" name="method1" time="0.000"/>
  <system-out>
    <![CDATA[Login Test Case!!]]>
  </system-out>
  <testcase classname="testNG_Flags.Flag3" name="method1" time="0.001"/>
  <system-out>
    <![CDATA[Login Test Case!!]]>
  </system-out>
  <testcase classname="testNG_Flags.Flag3" name="method1" time="0.001"/>
  <system-out>
    <![CDATA[Login Test Case!!]]>
  </system-out>
  <testcase classname="testNG_Flags.Flag3" name="method1" time="0.000"/>
  <system-out>
    <![CDATA[Login Test Case!!]]>
  </system-out>
  <testcase classname="testNG_Flags.Flag3" name="method1" time="0.001"/>
  <system-out>
    <![CDATA[Login Test Case!!]]>
  </system-out>
  <testcase classname="testNG_Flags.Flag3" name="method1" time="0.003"/>
  <system-out>
    <![CDATA[Login Test Case!!]]>
  </system-out>
  <testcase classname="testNG_Flags.Flag3" name="method1" time="0.001"/>
  <system-out>
    <![CDATA[Login Test Case!!]]>
  </system-out>
  <testcase classname="testNG_Flags.Flag3" name="method1" time="0.000"/>
  <system-out>
    <![CDATA[Login Test Case!!]]>
  </system-out>
  <testcase classname="testNG_Flags.Flag3" name="method1" time="0.002"/>
  <system-out>
    <![CDATA[Login Test Case!!]]>
  </system-out>
  <testcase classname="testNG_Flags.Flag3" name="method1" time="0.001"/>
  <system-out>
    <![CDATA[Login Test Case!!]]>
  </system-out>
  <testcase classname="testNG_Flags.Flag3" name="method1" time="0.000"/>
  <system-out>
    <![CDATA[Login Test Case!!]]>
  </system-out>
  <testcase classname="testNG_Flags.Flag3" name="method1" time="0.002"/>
  <system-out>
    <![CDATA[Login Test Case!!]]>
  </system-out>
  <testcase classname="testNG_Flags.Flag3" name="method1" time="0.000"/>
  <system-out>
    <![CDATA[Login Test Case!!]]>
  </system-out>
  <testcase classname="testNG_Flags.Flag3" name="method1" time="0.001"/>
  <system-out>
    <![CDATA[Login Test Case!!]]>
  </system-out>
  <testcase classname="testNG_Flags.Flag3" name="method1" time="0.001"/>
  <system-out>
    <![CDATA[Login Test Case!!]]>
  </system-out>
  <testcase classname="testNG_Flags.Flag3" name="method1" time="0.000"/>
  <system-out>
    <![CDATA[Login Test Case!!]]>
  </system-out>
  <testcase classname="testNG_Flags.Flag3" name="method1" time="0.001"/>
  <system-out>
    <![CDATA[Login Test Case!!]]>
  </system-out>
  <testcase classname="testNG_Flags.Flag3" name="method1" time="0.000"/>
  <system-out>
    <![CDATA[Login Test Case!!]]>
  </system-out>
  <testcase classname="testNG_Flags.Flag3" name="method1" time="0.001"/>
  <system-out>
    <![CDATA[Login Test Case!!]]>
  </system-out>
  <testcase classname="testNG_Flags.Flag3" name="method1" time="0.001"/>
  <system-out>
    <![CDATA[Login Test Case!!]]>
  </system-out>
  <testcase classname="testNG_Flags.Flag3" name="method1" time="0.001"/>
  <system-out>
    <![CDATA[Login Test Case!!]]>
  </system-out>
  <testcase classname="testNG_Flags.Flag3" name="method1" time="0.005"/>
  <system-out>
    <![CDATA[Login Test Case!!]]>
  </system-out>
  <testcase classname="testNG_Flags.Flag3" name="method1" time="0.002"/>
  <system-out>
    <![CDATA[Login Test Case!!]]>
  </system-out>
  <testcase classname="testNG_Flags.Flag3" name="method1" time="0.000"/>
  <system-out>
    <![CDATA[Login Test Case!!]]>
  </system-out>
  <testcase classname="testNG_Flags.Flag3" name="method1" time="0.003"/>
  <system-out>
    <![CDATA[Login Test Case!!]]>
  </system-out>
  <testcase classname="testNG_Flags.Flag3" name="method1" time="0.001"/>
  <system-out>
    <![CDATA[Login Test Case!!]]>
  </system-out>
  <testcase classname="testNG_Flags.Flag3" name="method1" time="0.001"/>
  <system-out>
    <![CDATA[Login Test Case!!]]>
  </system-out>
  <testcase classname="testNG_Flags.Flag3" name="method1" time="0.002"/>
  <system-out>
    <![CDATA[Login Test Case!!]]>
  </system-out>
  <testcase classname="testNG_Flags.Flag3" name="method1" time="0.006"/>
  <system-out>
    <![CDATA[Login Test Case!!]]>
  </system-out>
  <testcase classname="testNG_Flags.Flag3" name="method1" time="0.000"/>
  <system-out>
    <![CDATA[Login Test Case!!]]>
  </system-out>
  <testcase classname="testNG_Flags.Flag3" name="method1" time="0.000"/>
  <system-out>
    <![CDATA[Login Test Case!!]]>
  </system-out>
  <testcase classname="testNG_Flags.Flag3" name="method1" time="0.001"/>
  <system-out>
    <![CDATA[Login Test Case!!]]>
  </system-out>
  <testcase classname="testNG_Flags.Flag3" name="method1" time="0.000"/>
  <system-out>
    <![CDATA[Login Test Case!!]]>
  </system-out>
  <testcase classname="testNG_Flags.Flag3" name="method1" time="0.001"/>
  <system-out>
    <![CDATA[Login Test Case!!]]>
  </system-out>
  <testcase classname="testNG_Flags.Flag3" name="method1" time="0.000"/>
  <system-out>
    <![CDATA[Login Test Case!!]]>
  </system-out>
  <testcase classname="testNG_Flags.Flag3" name="method1" time="0.001"/>
  <system-out>
    <![CDATA[Login Test Case!!]]>
  </system-out>
  <testcase classname="testNG_Flags.Flag3" name="method1" time="0.008"/>
  <system-out>
    <![CDATA[Login Test Case!!]]>
  </system-out>
  <testcase classname="testNG_Flags.Flag3" name="method1" time="0.002"/>
  <system-out>
    <![CDATA[Login Test Case!!]]>
  </system-out>
  <testcase classname="testNG_Flags.Flag3" name="method1" time="0.001"/>
  <system-out>
    <![CDATA[Login Test Case!!]]>
  </system-out>
  <testcase classname="testNG_Flags.Flag3" name="method1" time="0.001"/>
  <system-out>
    <![CDATA[Login Test Case!!]]>
  </system-out>
  <testcase classname="testNG_Flags.Flag3" name="method1" time="0.001"/>
  <system-out>
    <![CDATA[Login Test Case!!]]>
  </system-out>
  <testcase classname="testNG_Flags.Flag3" name="method1" time="0.001"/>
  <system-out>
    <![CDATA[Login Test Case!!]]>
  </system-out>
  <testcase classname="testNG_Flags.Flag3" name="method1" time="0.001"/>
  <system-out>
    <![CDATA[Login Test Case!!]]>
  </system-out>
  <testcase classname="testNG_Flags.Flag3" name="method1" time="0.000"/>
  <system-out>
    <![CDATA[Login Test Case!!]]>
  </system-out>
  <testcase classname="testNG_Flags.Flag3" name="method1" time="0.001"/>
  <system-out>
    <![CDATA[Login Test Case!!]]>
  </system-out>
  <testcase classname="testNG_Flags.Flag3" name="method1" time="0.001"/>
  <system-out>
    <![CDATA[Login Test Case!!]]>
  </system-out>
  <testcase classname="testNG_Flags.Flag3" name="method1" time="0.000"/>
  <system-out>
    <![CDATA[Login Test Case!!]]>
  </system-out>
  <testcase classname="testNG_Flags.Flag3" name="method1" time="0.002"/>
  <system-out>
    <![CDATA[Login Test Case!!]]>
  </system-out>
  <testcase classname="testNG_Flags.Flag3" name="method1" time="0.001"/>
  <system-out>
    <![CDATA[Login Test Case!!]]>
  </system-out>
  <testcase classname="testNG_Flags.Flag3" name="method1" time="0.002"/>
  <system-out>
    <![CDATA[Login Test Case!!]]>
  </system-out>
  <testcase classname="testNG_Flags.Flag3" name="method1" time="0.000"/>
  <system-out>
    <![CDATA[Login Test Case!!]]>
  </system-out>
  <testcase classname="testNG_Flags.Flag3" name="method1" time="0.001"/>
  <system-out>
    <![CDATA[Login Test Case!!]]>
  </system-out>
  <testcase classname="testNG_Flags.Flag3" name="method1" time="0.001"/>
  <system-out>
    <![CDATA[Login Test Case!!]]>
  </system-out>
  <testcase classname="testNG_Flags.Flag3" name="method1" time="0.000"/>
  <system-out>
    <![CDATA[Login Test Case!!]]>
  </system-out>
  <testcase classname="testNG_Flags.Flag3" name="method1" time="0.000"/>
  <system-out>
    <![CDATA[Login Test Case!!]]>
  </system-out>
  <testcase classname="testNG_Flags.Flag3" name="method1" time="0.000"/>
  <system-out>
    <![CDATA[Login Test Case!!]]>
  </system-out>
  <testcase classname="testNG_Flags.Flag3" name="method1" time="0.000"/>
  <system-out>
    <![CDATA[Login Test Case!!]]>
  </system-out>
  <testcase classname="testNG_Flags.Flag3" name="method1" time="0.001"/>
  <system-out>
    <![CDATA[Login Test Case!!]]>
  </system-out>
  <testcase classname="testNG_Flags.Flag3" name="method1" time="0.000"/>
  <system-out>
    <![CDATA[Login Test Case!!]]>
  </system-out>
  <testcase classname="testNG_Flags.Flag3" name="method1" time="0.001"/>
  <system-out>
    <![CDATA[Login Test Case!!]]>
  </system-out>
  <testcase classname="testNG_Flags.Flag3" name="method1" time="0.001"/>
  <system-out>
    <![CDATA[Login Test Case!!]]>
  </system-out>
  <testcase classname="testNG_Flags.Flag3" name="method1" time="0.000"/>
  <system-out>
    <![CDATA[Login Test Case!!]]>
  </system-out>
  <testcase classname="testNG_Flags.Flag3" name="method1" time="0.000"/>
  <system-out>
    <![CDATA[Login Test Case!!]]>
  </system-out>
  <testcase classname="testNG_Flags.Flag3" name="method1" time="0.000"/>
  <system-out>
[...]
  <system-out>
    <![CDATA[Login Test Case!!]]>
  </system-out>
  <testcase classname="testNG_Flags.Flag3" name="method1" time="0.001"/>
  <system-out>
    <![CDATA[Login Test Case!!]]>
  </system-out>
  <testcase classname="testNG_Flags.Flag3" name="method1" time="0.001"/>
  <system-out>
    <![CDATA[Login Test Case!!]]>
  </system-out>
  <testcase classname="testNG_Flags.Flag3" name="method1" time="0.001"/>
  <system-out>
    <![CDATA[Login Test Case!!]]>
  </system-out>
  <testcase classname="testNG_Flags.Flag3" name="method1" time="0.000"/>
  <system-out>
    <![CDATA[Login Test Case!!]]>
  </system-out>
  <testcase classname="testNG_Flags.Flag3" name="method1" time="0.001"/>
  <system-out>
    <![CDATA[Login Test Case!!]]>
  </system-out>
  <testcase classname="testNG_Flags.Flag3" name="method1" time="0.000"/>
  <system-out>
    <![CDATA[Login Test Case!!]]>
  </system-out>
  <testcase classname="testNG_Flags.Flag3" name="method1" time="0.000"/>
  <system-out>
    <![CDATA[Login Test Case!!]]>
  </system-out>
  <testcase classname="testNG_Flags.Flag3" name="method1" time="0.001"/>
  <system-out>
    <![CDATA[Login Test Case!!]]>
  </system-out>
  <testcase classname="testNG_Flags.Flag3" name="method1" time="0.000"/>
  <system-out>
    <![CDATA[Login Test Case!!]]>
  </system-out>
  <testcase classname="testNG_Flags.Flag3" name="method1" time="0.000"/>
  <system-out>
    <![CDATA[Login Test Case!!]]>
  </system-out>
  <testcase classname="testNG_Flags.Flag3" name="method1" time="0.001"/>
  <system-out>
    <![CDATA[Login Test Case!!]]>
  </system-out>
  <testcase classname="testNG_Flags.Flag3" name="method1" time="0.001"/>
  <system-out>
    <![CDATA[Login Test Case!!]]>
  </system-out>
  <testcase classname="testNG_Flags.Flag3" name="method1" time="0.002"/>
  <system-out>
    <![CDATA[Login Test Case!!]]>
  </system-out>
  <testcase classname="testNG_Flags.Flag3" name="method1" time="0.001"/>
  <system-out>
    <![CDATA[Login Test Case!!]]>
  </system-out>
  <testcase classname="testNG_Flags.Flag3" name="method1" time="0.000"/>
  <system-out>
    <![CDATA[Login Test Case!!]]>
  </system-out>
  <testcase classname="testNG_Flags.Flag3" name="method1" time="0.001"/>
  <system-out>
    <![CDATA[Login Test Case!!]]>
  </system-out>
  <testcase classname="testNG_Flags.Flag3" name="method1" time="0.000"/>
  <system-out>
    <![CDATA[Login Test Case!!]]>
  </system-out>
  <testcase classname="testNG_Flags.Flag3" name="method1" time="0.000"/>
  <system-out>
    <![CDATA[Login Test Case!!]]>
  </system-out>
  <testcase classname="testNG_Flags.Flag3" name="method1" time="0.001"/>
  <system-out>
    <![CDATA[Login Test Case!!]]>
  </system-out>
  <testcase classname="testNG_Flags.Flag3" name="method1" time="0.000"/>
  <system-out>
    <![CDATA[Login Test Case!!]]>
  </system-out>
  <testcase classname="testNG_Flags.Flag3" name="method1" time="0.001"/>
  <system-out>
    <![CDATA[Login Test Case!!]]>
  </system-out>
  <testcase classname="testNG_Flags.Flag3" name="method1" time="0.000"/>
  <system-out>
    <![CDATA[Login Test Case!!]]>
  </system-out>
  <testcase classname="testNG_Flags.Flag3" name="method1" time="0.001"/>
  <system-out>
    <![CDATA[Login Test Case!!]]>
  </system-out>
  <testcase classname="testNG_Flags.Flag3" name="method1" time="0.000"/>
  <system-out>
    <![CDATA[Login Test Case!!]]>
  </system-out>
  <testcase classname="testNG_Flags.Flag3" name="method1" time="0.000"/>
  <system-out>
    <![CDATA[Login Test Case!!]]>
  </system-out>
  <testcase classname="testNG_Flags.Flag3" name="method1" time="0.001"/>
  <system-out>
    <![CDATA[Login Test Case!!]]>
  </system-out>
  <testcase classname="testNG_Flags.Flag3" name="method1" time="0.001"/>
  <system-out>
    <![CDATA[Login Test Case!!]]>
  </system-out>
  <testcase classname="testNG_Flags.Flag3" name="method1" time="0.002"/>
  <system-out>
    <![CDATA[Login Test Case!!]]>
  </system-out>
  <testcase classname="testNG_Flags.Flag3" name="method1" time="0.001"/>
  <system-out>
    <![CDATA[Login Test Case!!]]>
  </system-out>
  <testcase classname="testNG_Flags.Flag3" name="method1" time="0.000"/>
  <system-out>
    <![CDATA[Login Test Case!!]]>
  </system-out>
  <testcase classname="testNG_Flags.Flag3" name="method1" time="0.001"/>
  <system-out>
    <![CDATA[Login Test Case!!]]>
  </system-out>
  <testcase classname="testNG_Flags.Flag3" name="method1" time="0.001"/>
  <system-out>
    <![CDATA[Login Test Case!!]]>
  </system-out>
  <testcase classname="testNG_Flags.Flag3" name="method1" time="0.003"/>
  <system-out>
    <![CDATA[Login Test Case!!]]>
  </system-out>
  <testcase classname="testNG_Flags.Flag3" name="method1" time="0.002"/>
  <system-out>
    <![CDATA[Login Test Case!!]]>
  </system-out>
  <testcase classname="testNG_Flags.Flag3" name="method1" time="0.001"/>
  <system-out>
    <![CDATA[Login Test Case!!]]>
  </system-out>
  <testcase classname="testNG_Flags.Flag3" name="method1" time="0.001"/>
  <system-out>
    <![CDATA[Login Test Case!!]]>
  </system-out>
  <testcase classname="testNG_Flags.Flag3" name="method1" time="0.000"/>
  <system-out>
    <![CDATA[Login Test Case!!]]>
  </system-out>
  <testcase classname="testNG_Flags.Flag3" name="method1" time="0.001"/>
  <system-out>
    <![CDATA[Login Test Case!!]]>
  </system-out>
  <testcase classname="testNG_Flags.Flag3" name="method1" time="0.001"/>
  <system-out>
    <![CDATA[Login Test Case!!]]>
  </system-out>
  <testcase classname="testNG_Flags.Flag3" name="method1" time="0.000"/>
  <system-out>
    <![CDATA[Login Test Case!!]]>
  </system-out>
  <testcase classname="testNG_Flags.Flag3" name="method1" time="0.000"/>
  <system-out>
    <![CDATA[Login Test Case!!]]>
  </system-out>
  <testcase classname="testNG_Flags.Flag3" name="method1" time="0.000"/>
  <system-out>
    <![CDATA[Login Test Case!!]]>
  </system-out>
  <testcase classname="testNG_Flags.Flag3" name="method1" time="0.000"/>
  <system-out>
    <![CDATA[Login Test Case!!]]>
  </system-out>
  <testcase classname="testNG_Flags.Flag3" name="method1" time="0.001"/>
  <system-out>
    <![CDATA[Login Test Case!!]]>
  </system-out>
  <testcase classname="testNG_Flags.Flag3" name="method1" time="0.001"/>
  <system-out>
    <![CDATA[Login Test Case!!]]>
  </system-out>
  <testcase classname="testNG_Flags.Flag3" name="method1" time="0.001"/>
  <system-out>
    <![CDATA[Login Test Case!!]]>
  </system-out>
  <testcase classname="testNG_Flags.Flag3" name="method1" time="0.000"/>
  <system-out>
    <![CDATA[Login Test Case!!]]>
  </system-out>
  <testcase classname="testNG_Flags.Flag3" name="method1" time="0.001"/>
  <system-out>
    <![CDATA[Login Test Case!!]]>
  </system-out>
  <testcase classname="testNG_Flags.Flag3" name="method1" time="0.001"/>
  <system-out>
    <![CDATA[Login Test Case!!]]>
  </system-out>
  <testcase classname="testNG_Flags.Flag3" name="method1" time="0.000"/>
  <system-out>
    <![CDATA[Login Test Case!!]]>
  </system-out>
  <testcase classname="testNG_Flags.Flag3" name="method1" time="0.014"/>
  <system-out>
    <![CDATA[Login Test Case!!]]>
  </system-out>
  <testcase classname="testNG_Flags.Flag3" name="method1" time="0.000"/>
  <system-out>
    <![CDATA[Login Test Case!!]]>
  </system-out>
  <testcase classname="testNG_Flags.Flag3" name="method1" time="0.000"/>
  <system-out>
    <![CDATA[Login Test Case!!]]>
  </system-out>
  <testcase classname="testNG_Flags.Flag3" name="method1" time="0.001"/>
  <system-out>
    <![CDATA[Login Test Case!!]]>
  </system-out>
  <testcase classname="testNG_Flags.Flag3" name="method1" time="0.001"/>
  <system-out>
    <![CDATA[Login Test Case!!]]>
  </system-out>
  <testcase classname="testNG_Flags.Flag3" name="method1" time="0.001"/>
  <system-out>
    <![CDATA[Login Test Case!!]]>
  </system-out>
  <testcase classname="testNG_Flags.Flag3" name="method1" time="0.001"/>
  <system-out>
    <![CDATA[Login Test Case!!]]>
  </system-out>
  <testcase classname="testNG_Flags.Flag3" name="method1" time="0.001"/>
  <system-out>
    <![CDATA[Login Test Case!!]]>
  </system-out>
  <testcase classname="testNG_Flags.Flag3" name="method1" time="0.000"/>
  <system-out>
    <![CDATA[Login Test Case!!]]>
  </system-out>
  <testcase classname="testNG_Flags.Flag3" name="method1" time="0.001"/>
  <system-out>
    <![CDATA[Login Test Case!!]]>
  </system-out>
  <testcase classname="testNG_Flags.Flag3" name="method1" time="0.001"/>
  <system-out>
    <![CDATA[Login Test Case!!]]>
  </system-out>
  <testcase classname="testNG_Flags.Flag3" name="method1" time="0.001"/>
  <system-out>
    <![CDATA[Login Test Case!!]]>
  </system-out>
  <testcase classname="testNG_Flags.Flag3" name="method1" time="0.003"/>
  <system-out>
    <![CDATA[Login Test Case!!]]>
  </system-out>
  <testcase classname="testNG_Flags.Flag3" name="method1" time="0.001"/>
  <system-out>
    <![CDATA[Login Test Case!!]]>
  </system-out>
  <testcase classname="testNG_Flags.Flag3" name="method1" time="0.000"/>
  <system-out>
    <![CDATA[Login Test Case!!]]>
  </system-out>
  <testcase classname="testNG_Flags.Flag3" name="method1" time="0.000"/>
  <system-out>
    <![CDATA[Login Test Case!!]]>
  </system-out>
  <testcase classname="testNG_Flags.Flag3" name="method1" time="0.000"/>
  <system-out>
    <![CDATA[Login Test Case!!]]>
  </system-out>
  <testcase classname="testNG_Flags.Flag3" name="method1" time="0.000"/>
  <system-out>
    <![CDATA[Login Test Case!!]]>
  </system-out>
  <testcase classname="testNG_Flags.Flag3" name="method1" time="0.001"/>
  <system-out>
    <![CDATA[Login Test Case!!]]>
  </system-out>
  <testcase classname="testNG_Flags.Flag3" name="method1" time="0.001"/>
  <system-out>
    <![CDATA[Login Test Case!!]]>
  </system-out>
  <testcase classname="testNG_Flags.Flag3" name="method1" time="0.000"/>
  <system-out>
    <![CDATA[Login Test Case!!]]>
  </system-out>
  <testcase classname="testNG_Flags.Flag3" name="method1" time="0.001"/>
  <system-out>
    <![CDATA[Login Test Case!!]]>
  </system-out>
  <testcase classname="testNG_Flags.Flag3" name="method1" time="0.002"/>
  <system-out>
    <![CDATA[Login Test Case!!]]>
  </system-out>
  <testcase classname="testNG_Flags.Flag3" name="method1" time="0.002"/>
  <system-out>
    <![CDATA[Login Test Case!!]]>
  </system-out>
  <testcase classname="testNG_Flags.Flag3" name="method1" time="0.002"/>
  <system-out>
    <![CDATA[Login Test Case!!]]>
  </system-out>
  <testcase classname="testNG_Flags.Flag3" name="method1" time="0.000"/>
  <system-out>
    <![CDATA[Login Test Case!!]]>
  </system-out>
  <testcase classname="testNG_Flags.Flag3" name="method1" time="0.001"/>
  <system-out>
    <![CDATA[Login Test Case!!]]>
  </system-out>
  <testcase classname="testNG_Flags.Flag3" name="method1" time="0.000"/>
  <system-out>
    <![CDATA[Login Test Case!!]]>
  </system-out>
  <testcase classname="testNG_Flags.Flag3" name="method1" time="0.000"/>
  <system-out>
    <![CDATA[Login Test Case!!]]>
  </system-out>
  <testcase classname="testNG_Flags.Flag3" name="method1" time="0.021"/>
  <system-out>
    <![CDATA[Login Test Case!!]]>
  </system-out>
  <testcase classname="testNG_Flags.Flag3" name="method1" time="0.002"/>
  <system-out>
    <![CDATA[Login Test Case!!]]>
  </system-out>
  <testcase classname="testNG_Flags.Flag3" name="method1" time="0.000"/>
  <system-out>
    <![CDATA[Login Test Case!!]]>
  </system-out>
  <testcase classname="testNG_Flags.Flag3" name="method1" time="0.001"/>
  <system-out>
    <![CDATA[Login Test Case!!]]>
  </system-out>
  <testcase classname="testNG_Flags.Flag3" name="method1" time="0.001"/>
  <system-out>
    <![CDATA[Login Test Case!!]]>
  </system-out>
  <testcase classname="testNG_Flags.Flag3" name="method1" time="0.001"/>
  <system-out>
    <![CDATA[Login Test Case!!]]>
  </system-out>
  <testcase classname="testNG_Flags.Flag3" name="method1" time="0.001"/>
  <system-out>
    <![CDATA[Login Test Case!!]]>
  </system-out>
  <testcase classname="testNG_Flags.Flag3" name="method1" time="0.006"/>
  <system-out>
    <![CDATA[Login Test Case!!]]>
  </system-out>
  <testcase classname="testNG_Flags.Flag3" name="method1" time="0.001"/>
  <system-out>
    <![CDATA[Login Test Case!!]]>
  </system-out>
  <testcase classname="testNG_Flags.Flag3" name="method1" time="0.001"/>
  <system-out>
    <![CDATA[Login Test Case!!]]>
  </system-out>
  <testcase classname="testNG_Flags.Flag3" name="method1" time="0.001"/>
  <system-out>
    <![CDATA[Login Test Case!!]]>
  </system-out>
  <testcase classname="testNG_Flags.Flag3" name="method1" time="0.000"/>
  <system-out>
    <![CDATA[Login Test Case!!]]>
  </system-out>
  <testcase classname="testNG_Flags.Flag3" name="method1" time="0.001"/>
  <system-out>
    <![CDATA[Login Test Case!!]]>
  </system-out>
  <testcase classname="testNG_Flags.Flag3" name="method1" time="0.001"/>
  <system-out>
    <![CDATA[Login Test Case!!]]>
  </system-out>
  <testcase classname="testNG_Flags.Flag3" name="method1" time="0.006"/>
  <system-out>
    <![CDATA[Login Test Case!!]]>
  </system-out>
  <testcase classname="testNG_Flags.Flag3" name="method1" time="0.000"/>
  <system-out>
    <![CDATA[Login Test Case!!]]>
  </system-out>
  <testcase classname="testNG_Flags.Flag3" name="method1" time="0.001"/>
  <system-out>
    <![CDATA[Login Test Case!!]]>
  </system-out>
  <testcase classname="testNG_Flags.Flag3" name="method1" time="0.001"/>
  <system-out>
    <![CDATA[Login Test Case!!]]>
  </system-out>
  <testcase classname="testNG_Flags.Flag3" name="method1" time="0.001"/>
  <system-out>
    <![CDATA[Login Test Case!!]]>
  </system-out>
  <testcase classname="testNG_Flags.Flag3" name="method1" time="0.001"/>
  <system-out>
    <![CDATA[Login Test Case!!]]>
  </system-out>
  <testcase classname="testNG_Flags.Flag3" name="method1" time="0.000"/>
  <system-out>
    <![CDATA[Login Test Case!!]]>
  </system-out>
  <testcase classname="testNG_Flags.Flag3" name="method1" time="0.001"/>
  <system-out>
    <![CDATA[Login Test Case!!]]>
  </system-out>
  <testcase classname="testNG_Flags.Flag3" name="method1" time="0.001"/>
  <system-out>
    <![CDATA[Login Test Case!!]]>
  </system-out>
  <testcase classname="testNG_Flags.Flag3" name="method1" time="0.000"/>
  <system-out>
    <![CDATA[Login Test Case!!]]>
  </system-out>
  <testcase classname="testNG_Flags.Flag3" name="method1" time="0.000"/>
  <system-out>
    <![CDATA[Login Test Case!!]]>
  </system-out>
  <testcase classname="testNG_Flags.Flag3" name="method1" time="0.001"/>
  <system-out>
    <![CDATA[Login Test Case!!]]>
  </system-out>
  <testcase classname="testNG_Flags.Flag3" name="method1" time="0.000"/>
  <system-out>
    <![CDATA[Login Test Case!!]]>
  </system-out>
  <testcase classname="testNG_Flags.Flag3" name="method1" time="0.000"/>
  <system-out>
    <![CDATA[Login Test Case!!]]>
  </system-out>
  <testcase classname="testNG_Flags.Flag3" name="method1" time="0.002"/>
  <system-out>
    <![CDATA[Login Test Case!!]]>
  </system-out>
  <testcase classname="testNG_Flags.Flag3" name="method1" time="0.002"/>
  <system-out>
    <![CDATA[Login Test Case!!]]>
  </system-out>
  <testcase classname="testNG_Flags.Flag3" name="method1" time="0.001"/>
  <system-out>
    <![CDATA[Login Test Case!!]]>
  </system-out>
  <testcase classname="testNG_Flags.Flag3" name="method1" time="0.000"/>
  <system-out>
    <![CDATA[Login Test Case!!]]>
  </system-out>
  <testcase classname="testNG_Flags.Flag3" name="method1" time="0.001"/>
  <system-out>
    <![CDATA[Login Test Case!!]]>
  </system-out>
  <testcase classname="testNG_Flags.Flag3" name="method1" time="0.000"/>
  <system-out>
    <![CDATA[Login Test Case!!]]>
  </system-out>
  <testcase classname="testNG_Flags.Flag3" name="method1" time="0.001"/>
  <system-out>
    <![CDATA[Login Test Case!!]]>
  </system-out>
  <testcase classname="testNG_Flags.Flag3" name="method1" time="0.000"/>
  <system-out>
    <![CDATA[Login Test Case!!]]>
  </system-out>
  <testcase classname="testNG_Flags.Flag3" name="method1" time="0.000"/>
  <system-out>
    <![CDATA[Login Test Case!!]]>
  </system-out>
  <testcase classname="testNG_Flags.Flag3" name="method1" time="0.001"/>
  <system-out>
    <![CDATA[Login Test Case!!]]>
  </system-out>
  <testcase classname="testNG_Flags.Flag3" name="method1" time="0.001"/>
  <system-out>
    <![CDATA[Login Test Case!!]]>
  </system-out>
  <testcase classname="testNG_Flags.Flag3" name="method1" time="0.001"/>
  <system-out>
    <![CDATA[Login Test Case!!]]>
  </system-out>
  <testcase classname="testNG_Flags.Flag3" name="method1" time="0.001"/>
  <system-out>
    <![CDATA[Login Test Case!!]]>
  </system-out>
  <testcase classname="testNG_Flags.Flag3" name="method1" time="0.000"/>
  <system-out>
    <![CDATA[Login Test Case!!]]>
  </system-out>
  <testcase classname="testNG_Flags.Flag3" name="method1" time="0.001"/>
  <system-out>
    <![CDATA[Login Test Case!!]]>
  </system-out>
  <testcase classname="testNG_Flags.Flag3" name="method1" time="0.001"/>
  <system-out>
    <![CDATA[Login Test Case!!]]>
  </system-out>
  <testcase classname="testNG_Flags.Flag3" name="method1" time="0.000"/>
  <system-out>
    <![CDATA[Login Test Case!!]]>
  </system-out>
  <testcase classname="testNG_Flags.Flag3" name="method1" time="0.000"/>
  <system-out>
    <![CDATA[Login Test Case!!]]>
  </system-out>
  <testcase classname="testNG_Flags.Flag3" name="method1" time="0.001"/>
  <system-out>
    <![CDATA[Login Test Case!!]]>
  </system-out>
  <testcase classname="testNG_Flags.Flag3" name="method1" time="0.001"/>
  <system-out>
    <![CDATA[Login Test Case!!]]>
  </system-out>
  <testcase classname="testNG_Flags.Flag3" name="method1" time="0.001"/>
  <system-out>
    <![CDATA[Login Test Case!!]]>
  </system-out>
  <testcase classname="testNG_Flags.Flag3" name="method1" time="0.001"/>
  <system-out>
    <![CDATA[Login Test Case!!]]>
  </system-out>
  <testcase classname="testNG_Flags.Flag3" name="method1" time="0.000"/>
  <system-out>
    <![CDATA[Login Test Case!!]]>
  </system-out>
  <testcase classname="testNG_Flags.Flag3" name="method1" time="0.001"/>
  <system-out>
    <![CDATA[Login Test Case!!]]>
  </system-out>
  <testcase classname="testNG_Flags.Flag3" name="method1" time="0.000"/>
  <system-out>
    <![CDATA[Login Test Case!!]]>
  </system-out>
  <testcase classname="testNG_Flags.Flag3" name="method1" time="0.001"/>
  <system-out>
    <![CDATA[Login Test Case!!]]>
  </system-out>
  <testcase classname="testNG_Flags.Flag3" name="method1" time="0.001"/>
  <system-out>
    <![CDATA[Login Test Case!!]]>
  </system-out>
  <testcase classname="testNG_Flags.Flag3" name="method1" time="0.003"/>
  <system-out>
    <![CDATA[Login Test Case!!]]>
  </system-out>
  <testcase classname="testNG_Flags.Flag3" name="method1" time="0.001"/>
  <system-out>
    <![CDATA[Login Test Case!!]]>
  </system-out>
  <testcase classname="testNG_Flags.Flag3" name="method1" time="0.000"/>
  <system-out>
    <![CDATA[Login Test Case!!]]>
  </system-out>
  <testcase classname="testNG_Flags.Flag3" name="method1" time="0.000"/>
  <system-out>
    <![CDATA[Login Test Case!!]]>
  </system-out>
  <testcase classname="testNG_Flags.Flag3" name="method1" time="0.009"/>
  <system-out>
    <![CDATA[Login Test Case!!]]>
  </system-out>
  <testcase classname="testNG_Flags.Flag3" name="method1" time="0.001"/>
  <system-out>
    <![CDATA[Login Test Case!!]]>
  </system-out>
  <testcase classname="testNG_Flags.Flag3" name="method1" time="0.001"/>
  <system-out>
    <![CDATA[Login Test Case!!]]>
  </system-out>
  <testcase classname="testNG_Flags.Flag3" name="method1" time="0.002"/>
  <system-out>
    <![CDATA[Login Test Case!!]]>
  </system-out>
  <testcase classname="testNG_Flags.Flag3" name="method1" time="0.000"/>
  <system-out>
    <![CDATA[Login Test Case!!]]>
  </system-out>
  <testcase classname="testNG_Flags.Flag3" name="method1" time="0.000"/>
  <system-out>
    <![CDATA[Login Test Case!!]]>
  </system-out>
</testsuite> <!-- testNG_Flags.Flag3 -->
