<?xml version="1.0" encoding="UTF-8"?>
<!-- Generated by org.testng.reporters.JUnitXMLReporter -->
<testsuite ignored="0" hostname="DESKTOP-8EK7M7O" failures="1" tests="1" name="Default test(failed)" time="10.125" errors="0" timestamp="2023-05-27T11:59:12 IST">
  <testcase classname="dynamicScreenShotsTestNG.TestClass" name="firstTest" time="0.543">
    <failure type="java.lang.AssertionError">
      <![CDATA[java.lang.AssertionError
at org.junit.Assert.fail(Assert.java:86)
at org.junit.Assert.fail(Assert.java:95)
at dynamicScreenShotsTestNG.TestClass.firstTest(TestClass.java:17)
at java.base/java.util.ArrayList.forEach(ArrayList.java:1511)
... Removed 27 stack frames]]>
    </failure>
  </testcase> <!-- firstTest -->
</testsuite> <!-- Default test(failed) -->
